<?xml version="1.0" encoding="UTF-8"?>
<robot generator="Robot 6.0.2 (Python 3.11.5 on win32)" generated="20231001 12:43:38.732" rpa="false" schemaversion="3">
<suite id="s1" name="Tests" source="c:\Users\lanao\Desktop\Desafio Teste Coco Bambu\Teste Automatizado - COCO BAMBU\tests">
<suite id="s1-s1" name="CadastroCocoBambu Test" source="c:\Users\lanao\Desktop\Desafio Teste Coco Bambu\Teste Automatizado - COCO BAMBU\tests\CadastroCocoBambu_Test.robot">
<test id="s1-s1-t1" name="CT 001: Cadastro validado" line="22">
<kw name="Abrir o navegador" library="Common" type="SETUP">
<kw name="Open Browser" library="SeleniumLibrary">
<arg>${SiteCocoBambu}</arg>
<arg>${browser}</arg>
<doc>Opens a new browser instance to the optional ``url``.</doc>
<msg timestamp="20231001 12:43:39.838" level="INFO">Opening browser 'chrome' to base url 'https://app.cocobambu.com/delivery'.</msg>
<status status="PASS" starttime="20231001 12:43:39.836" endtime="20231001 12:43:43.180"/>
</kw>
<kw name="Maximize Browser Window" library="SeleniumLibrary">
<doc>Maximizes current browser window.</doc>
<status status="PASS" starttime="20231001 12:43:43.180" endtime="20231001 12:43:43.301"/>
</kw>
<status status="PASS" starttime="20231001 12:43:39.834" endtime="20231001 12:43:43.301"/>
</kw>
<kw name="Dado que o usuário está na tela de cadastro do site" library="CadastroCocoBambu_PO">
<kw name="Tela de login do site" library="Common">
<kw name="Go To" library="SeleniumLibrary">
<arg>${SiteCocoBambu}</arg>
<doc>Navigates the current browser window to the provided ``url``.</doc>
<msg timestamp="20231001 12:43:43.305" level="INFO">Opening url 'https://app.cocobambu.com/delivery'</msg>
<status status="PASS" starttime="20231001 12:43:43.304" endtime="20231001 12:43:46.530"/>
</kw>
<kw name="Wait Until Element Is Visible" library="SeleniumLibrary">
<arg>//div[@class='ng-tns-c101-0 nav-button ng-star-inserted'][contains(.,'Perfil')]</arg>
<doc>Waits until the element ``locator`` is visible.</doc>
<status status="PASS" starttime="20231001 12:43:46.530" endtime="20231001 12:43:46.556"/>
</kw>
<kw name="Click Element" library="SeleniumLibrary">
<arg>//div[@class='ng-tns-c101-0 nav-button ng-star-inserted'][contains(.,'Perfil')]</arg>
<doc>Click the element identified by ``locator``.</doc>
<msg timestamp="20231001 12:43:46.558" level="INFO">Clicking element '//div[@class='ng-tns-c101-0 nav-button ng-star-inserted'][contains(.,'Perfil')]'.</msg>
<status status="PASS" starttime="20231001 12:43:46.558" endtime="20231001 12:43:46.622"/>
</kw>
<kw name="Wait Until Element Is Visible" library="SeleniumLibrary">
<arg>//div[@class='option-item clickable'][contains(.,'Entrar')]</arg>
<doc>Waits until the element ``locator`` is visible.</doc>
<status status="PASS" starttime="20231001 12:43:46.622" endtime="20231001 12:43:46.655"/>
</kw>
<kw name="Click Element" library="SeleniumLibrary">
<arg>//div[@class='option-item clickable'][contains(.,'Entrar')]</arg>
<doc>Click the element identified by ``locator``.</doc>
<msg timestamp="20231001 12:43:46.656" level="INFO">Clicking element '//div[@class='option-item clickable'][contains(.,'Entrar')]'.</msg>
<status status="PASS" starttime="20231001 12:43:46.656" endtime="20231001 12:43:46.726"/>
</kw>
<kw name="Wait Until Element Contains" library="SeleniumLibrary">
<arg>//p[contains(.,'Seja bem-vindo ao melhor restaurante do Brasil!')]</arg>
<arg>Seja bem-vindo ao melhor restaurante do Brasil!</arg>
<doc>Waits until the element ``locator`` contains ``text``.</doc>
<status status="PASS" starttime="20231001 12:43:46.726" endtime="20231001 12:43:47.005"/>
</kw>
<status status="PASS" starttime="20231001 12:43:43.302" endtime="20231001 12:43:47.006"/>
</kw>
<kw name="Wait Until Element Is Visible" library="SeleniumLibrary">
<arg>${BotãoCadastre-se}</arg>
<doc>Waits until the element ``locator`` is visible.</doc>
<status status="PASS" starttime="20231001 12:43:47.006" endtime="20231001 12:43:47.026"/>
</kw>
<kw name="Click Element" library="SeleniumLibrary">
<arg>${BotãoCadastre-se}</arg>
<doc>Click the element identified by ``locator``.</doc>
<msg timestamp="20231001 12:43:47.027" level="INFO">Clicking element '//span[@class='link'][contains(.,'Cadastre-se')]'.</msg>
<status status="PASS" starttime="20231001 12:43:47.026" endtime="20231001 12:43:47.066"/>
</kw>
<status status="PASS" starttime="20231001 12:43:43.302" endtime="20231001 12:43:47.066"/>
</kw>
<kw name="E preenche o campo “Nome completo”" library="CadastroCocoBambu_PO">
<kw name="First Name" library="FakerLibrary">
<var>${Nome}</var>
<msg timestamp="20231001 12:43:47.069" level="INFO">${Nome} = Anthony</msg>
<status status="PASS" starttime="20231001 12:43:47.067" endtime="20231001 12:43:47.069"/>
</kw>
<kw name="Last Name" library="FakerLibrary">
<var>${Sobrenome}</var>
<msg timestamp="20231001 12:43:47.070" level="INFO">${Sobrenome} = Evans</msg>
<status status="PASS" starttime="20231001 12:43:47.069" endtime="20231001 12:43:47.070"/>
</kw>
<kw name="Preencher campo 1" library="Common">
<arg>Nome completo</arg>
<arg>${Nome} ${Sobrenome}</arg>
<kw name="Wait Until Element Is Visible" library="SeleniumLibrary">
<arg>//input[@placeholder='${Locator}']</arg>
<doc>Waits until the element ``locator`` is visible.</doc>
<status status="PASS" starttime="20231001 12:43:47.070" endtime="20231001 12:43:47.120"/>
</kw>
<kw name="Input Text" library="SeleniumLibrary">
<arg>//input[@placeholder='${Locator}']</arg>
<arg>${Texto}</arg>
<doc>Types the given ``text`` into the text field identified by ``locator``.</doc>
<msg timestamp="20231001 12:43:47.121" level="INFO">Typing text 'Anthony Evans' into text field '//input[@placeholder='Nome completo']'.</msg>
<status status="PASS" starttime="20231001 12:43:47.120" endtime="20231001 12:43:47.272"/>
</kw>
<status status="PASS" starttime="20231001 12:43:47.070" endtime="20231001 12:43:47.272"/>
</kw>
<status status="PASS" starttime="20231001 12:43:47.067" endtime="20231001 12:43:47.273"/>
</kw>
<kw name="E preenche o campo “E-mail” Na Tela de Cadastro" library="CadastroCocoBambu_PO">
<kw name="Free Email" library="FakerLibrary">
<var>${EmailData}</var>
<msg timestamp="20231001 12:43:47.274" level="INFO">${EmailData} = kevin90@hotmail.com</msg>
<status status="PASS" starttime="20231001 12:43:47.273" endtime="20231001 12:43:47.274"/>
</kw>
<kw name="Preencher campo 2" library="Common">
<arg>username</arg>
<arg>${EmailData}</arg>
<kw name="Wait Until Element Is Visible" library="SeleniumLibrary">
<arg>//form[@id='formRegisterUser']//input[@name='${Locator}']</arg>
<doc>Waits until the element ``locator`` is visible.</doc>
<status status="PASS" starttime="20231001 12:43:47.275" endtime="20231001 12:43:47.297"/>
</kw>
<kw name="Input Text" library="SeleniumLibrary">
<arg>//form[@id='formRegisterUser']//input[@name='${Locator}']</arg>
<arg>${Texto}</arg>
<doc>Types the given ``text`` into the text field identified by ``locator``.</doc>
<msg timestamp="20231001 12:43:47.298" level="INFO">Typing text 'kevin90@hotmail.com' into text field '//form[@id='formRegisterUser']//input[@name='username']'.</msg>
<status status="PASS" starttime="20231001 12:43:47.298" endtime="20231001 12:43:47.421"/>
</kw>
<status status="PASS" starttime="20231001 12:43:47.275" endtime="20231001 12:43:47.421"/>
</kw>
<status status="PASS" starttime="20231001 12:43:47.273" endtime="20231001 12:43:47.422"/>
</kw>
<kw name="E preenche o campo “Senha” Na Tela de Cadastro" library="CadastroCocoBambu_PO">
<kw name="Preencher campo 2" library="Common">
<arg>password</arg>
<arg>${Senha}</arg>
<kw name="Wait Until Element Is Visible" library="SeleniumLibrary">
<arg>//form[@id='formRegisterUser']//input[@name='${Locator}']</arg>
<doc>Waits until the element ``locator`` is visible.</doc>
<status status="PASS" starttime="20231001 12:43:47.423" endtime="20231001 12:43:47.446"/>
</kw>
<kw name="Input Text" library="SeleniumLibrary">
<arg>//form[@id='formRegisterUser']//input[@name='${Locator}']</arg>
<arg>${Texto}</arg>
<doc>Types the given ``text`` into the text field identified by ``locator``.</doc>
<msg timestamp="20231001 12:43:47.447" level="INFO">Typing text 'Coco@2023' into text field '//form[@id='formRegisterUser']//input[@name='password']'.</msg>
<status status="PASS" starttime="20231001 12:43:47.446" endtime="20231001 12:43:47.554"/>
</kw>
<status status="PASS" starttime="20231001 12:43:47.423" endtime="20231001 12:43:47.555"/>
</kw>
<status status="PASS" starttime="20231001 12:43:47.422" endtime="20231001 12:43:47.555"/>
</kw>
<kw name="E preenche o campo “Confirmar senha”" library="CadastroCocoBambu_PO">
<kw name="Preencher campo 1" library="Common">
<arg>Confirmar senha</arg>
<arg>${ConfirmarSenha}</arg>
<kw name="Wait Until Element Is Visible" library="SeleniumLibrary">
<arg>//input[@placeholder='${Locator}']</arg>
<doc>Waits until the element ``locator`` is visible.</doc>
<status status="PASS" starttime="20231001 12:43:47.557" endtime="20231001 12:43:47.577"/>
</kw>
<kw name="Input Text" library="SeleniumLibrary">
<arg>//input[@placeholder='${Locator}']</arg>
<arg>${Texto}</arg>
<doc>Types the given ``text`` into the text field identified by ``locator``.</doc>
<msg timestamp="20231001 12:43:47.578" level="INFO">Typing text 'Coco@2023' into text field '//input[@placeholder='Confirmar senha']'.</msg>
<status status="PASS" starttime="20231001 12:43:47.577" endtime="20231001 12:43:47.683"/>
</kw>
<status status="PASS" starttime="20231001 12:43:47.556" endtime="20231001 12:43:47.683"/>
</kw>
<status status="PASS" starttime="20231001 12:43:47.556" endtime="20231001 12:43:47.683"/>
</kw>
<kw name="E seleciona a opção no campo “Selecione seu estado”" library="CadastroCocoBambu_PO">
<kw name="Wait Until Element Is Visible" library="SeleniumLibrary">
<arg>${SelecioneSeuEstado}</arg>
<doc>Waits until the element ``locator`` is visible.</doc>
<status status="PASS" starttime="20231001 12:43:47.686" endtime="20231001 12:43:47.933"/>
</kw>
<kw name="Click Element" library="SeleniumLibrary">
<arg>${SelecioneSeuEstado}</arg>
<doc>Click the element identified by ``locator``.</doc>
<msg timestamp="20231001 12:43:47.933" level="INFO">Clicking element '//ion-select[@formcontrolname='regionId']'.</msg>
<status status="PASS" starttime="20231001 12:43:47.933" endtime="20231001 12:43:47.978"/>
</kw>
<kw name="Wait Until Element Is Visible" library="SeleniumLibrary">
<arg>${EstadoSelecionado}</arg>
<doc>Waits until the element ``locator`` is visible.</doc>
<status status="PASS" starttime="20231001 12:43:47.978" endtime="20231001 12:43:49.529"/>
</kw>
<kw name="Click Element" library="SeleniumLibrary">
<arg>${EstadoSelecionado}</arg>
<doc>Click the element identified by ``locator``.</doc>
<msg timestamp="20231001 12:43:49.530" level="INFO">Clicking element '//button[contains(.,'Alagoas')]'.</msg>
<status status="PASS" starttime="20231001 12:43:49.530" endtime="20231001 12:43:49.578"/>
</kw>
<kw name="Wait Until Element Is Not Visible" library="SeleniumLibrary">
<arg>${EstadoSelecionado}</arg>
<doc>Waits until the element ``locator`` is not visible.</doc>
<status status="PASS" starttime="20231001 12:43:49.578" endtime="20231001 12:43:49.822"/>
</kw>
<status status="PASS" starttime="20231001 12:43:47.684" endtime="20231001 12:43:49.823"/>
</kw>
<kw name="E seleciona a opção após ler a mensagem “Desejo receber notificações personalizadas”" library="CadastroCocoBambu_PO">
<kw name="Page Should Contain Element" library="SeleniumLibrary">
<arg>${SelecionarMensagem01}</arg>
<doc>Verifies that element ``locator`` is found on the current page.</doc>
<msg timestamp="20231001 12:43:49.837" level="INFO">Current page contains element '//ion-label[contains(text(),'Desejo receber notificações personalizadas.')]'.</msg>
<status status="PASS" starttime="20231001 12:43:49.823" endtime="20231001 12:43:49.837"/>
</kw>
<kw name="Capture Element Screenshot" library="SeleniumLibrary">
<arg>${SelecionarMensagem01}</arg>
<doc>Captures a screenshot from the element identified by ``locator`` and embeds it into log file.</doc>
<msg timestamp="20231001 12:43:49.934" level="INFO" html="true">&lt;/td&gt;&lt;/tr&gt;&lt;tr&gt;&lt;td colspan="3"&gt;&lt;a href="selenium-element-screenshot-1.png"&gt;&lt;img src="selenium-element-screenshot-1.png" width="400px"&gt;&lt;/a&gt;</msg>
<status status="PASS" starttime="20231001 12:43:49.838" endtime="20231001 12:43:49.934"/>
</kw>
<kw name="Click Element" library="SeleniumLibrary">
<arg>${ClicarSelecionarMensagem01}</arg>
<doc>Click the element identified by ``locator``.</doc>
<msg timestamp="20231001 12:43:49.937" level="INFO">Clicking element '//ion-checkbox[@formcontrolname='customNotification']'.</msg>
<status status="PASS" starttime="20231001 12:43:49.936" endtime="20231001 12:43:49.999"/>
</kw>
<kw name="Sleep" library="BuiltIn">
<arg>3</arg>
<doc>Pauses the test executed for the given time.</doc>
<msg timestamp="20231001 12:43:53.001" level="INFO">Slept 3 seconds</msg>
<status status="PASS" starttime="20231001 12:43:50.001" endtime="20231001 12:43:53.001"/>
</kw>
<status status="PASS" starttime="20231001 12:43:49.823" endtime="20231001 12:43:53.001"/>
</kw>
<kw name="E seleciona a opção após ler a mensagem “Ao clicar em cadastrar você concorda com nossos termos e condições de uso.”" library="CadastroCocoBambu_PO">
<kw name="Page Should Contain Element" library="SeleniumLibrary">
<arg>${SelecionarMensagem02}</arg>
<doc>Verifies that element ``locator`` is found on the current page.</doc>
<msg timestamp="20231001 12:43:53.014" level="INFO">Current page contains element '//ion-label[contains(text(),' Ao clicar em ')]'.</msg>
<status status="PASS" starttime="20231001 12:43:53.003" endtime="20231001 12:43:53.014"/>
</kw>
<kw name="Capture Element Screenshot" library="SeleniumLibrary">
<arg>${SelecionarMensagem02}</arg>
<doc>Captures a screenshot from the element identified by ``locator`` and embeds it into log file.</doc>
<msg timestamp="20231001 12:43:53.099" level="INFO" html="true">&lt;/td&gt;&lt;/tr&gt;&lt;tr&gt;&lt;td colspan="3"&gt;&lt;a href="selenium-element-screenshot-2.png"&gt;&lt;img src="selenium-element-screenshot-2.png" width="400px"&gt;&lt;/a&gt;</msg>
<status status="PASS" starttime="20231001 12:43:53.014" endtime="20231001 12:43:53.099"/>
</kw>
<kw name="Click Element" library="SeleniumLibrary">
<arg>${ClicarSelecionarMensagem02}</arg>
<doc>Click the element identified by ``locator``.</doc>
<msg timestamp="20231001 12:43:53.100" level="INFO">Clicking element '//ion-checkbox[@formcontrolname='termsAndConditions']'.</msg>
<status status="PASS" starttime="20231001 12:43:53.100" endtime="20231001 12:43:53.181"/>
</kw>
<kw name="Sleep" library="BuiltIn">
<arg>3</arg>
<doc>Pauses the test executed for the given time.</doc>
<msg timestamp="20231001 12:43:56.183" level="INFO">Slept 3 seconds</msg>
<status status="PASS" starttime="20231001 12:43:53.181" endtime="20231001 12:43:56.183"/>
</kw>
<kw name="Page Should Contain" library="SeleniumLibrary">
<arg>${TelaPolíticaDePrivacidade}</arg>
<doc>Verifies that current page contains ``text``.</doc>
<msg timestamp="20231001 12:43:56.232" level="INFO">Current page contains text 'POLÍTICA DE PRIVACIDADE'.</msg>
<status status="PASS" starttime="20231001 12:43:56.183" endtime="20231001 12:43:56.232"/>
</kw>
<kw name="Wait Until Element Is Visible" library="SeleniumLibrary">
<arg>${BotãoAceitar}</arg>
<doc>Waits until the element ``locator`` is visible.</doc>
<status status="PASS" starttime="20231001 12:43:56.232" endtime="20231001 12:43:56.250"/>
</kw>
<kw name="Click Element" library="SeleniumLibrary">
<arg>${BotãoAceitar}</arg>
<doc>Click the element identified by ``locator``.</doc>
<msg timestamp="20231001 12:43:56.251" level="INFO">Clicking element '//button[@type='undefined'][contains(.,'ACEITAR')]'.</msg>
<status status="PASS" starttime="20231001 12:43:56.251" endtime="20231001 12:43:56.300"/>
</kw>
<kw name="Sleep" library="BuiltIn">
<arg>3</arg>
<doc>Pauses the test executed for the given time.</doc>
<msg timestamp="20231001 12:43:59.300" level="INFO">Slept 3 seconds</msg>
<status status="PASS" starttime="20231001 12:43:56.300" endtime="20231001 12:43:59.300"/>
</kw>
<status status="PASS" starttime="20231001 12:43:53.001" endtime="20231001 12:43:59.301"/>
</kw>
<kw name="Quando clica no botão “CADASTRAR”" library="CadastroCocoBambu_PO">
<kw name="Wait Until Element Is Visible" library="SeleniumLibrary">
<arg>${BotãoCadastrar}</arg>
<doc>Waits until the element ``locator`` is visible.</doc>
<status status="PASS" starttime="20231001 12:43:59.303" endtime="20231001 12:43:59.324"/>
</kw>
<kw name="Click Element" library="SeleniumLibrary">
<arg>${BotãoCadastrar}</arg>
<doc>Click the element identified by ``locator``.</doc>
<msg timestamp="20231001 12:43:59.325" level="INFO">Clicking element '//button[contains(.,'CADASTRAR')]'.</msg>
<status status="PASS" starttime="20231001 12:43:59.324" endtime="20231001 12:43:59.372"/>
</kw>
<status status="PASS" starttime="20231001 12:43:59.301" endtime="20231001 12:43:59.372"/>
</kw>
<kw name="Então o sistema apresenta a mensagem “CÓDIGO ENVIADO, O seu CÓDIGO foi enviado para o E-MAIL informado. Caso não encontre na caixa de entrada, verifique na caixa de SPAM e marque em CONFIAR para receber novos e-mails Coco Bambu.” confirmando o cadastro" library="CadastroCocoBambu_PO">
<kw name="Wait Until Element Is Visible" library="SeleniumLibrary">
<arg>${ElementoCódigoEnviado}</arg>
<doc>Waits until the element ``locator`` is visible.</doc>
<status status="PASS" starttime="20231001 12:43:59.374" endtime="20231001 12:44:00.445"/>
</kw>
<kw name="Wait Until Element Is Visible" library="SeleniumLibrary">
<arg>${BotãoFechar}</arg>
<doc>Waits until the element ``locator`` is visible.</doc>
<status status="PASS" starttime="20231001 12:44:00.445" endtime="20231001 12:44:00.473"/>
</kw>
<kw name="Click Element" library="SeleniumLibrary">
<arg>${BotãoFechar}</arg>
<doc>Click the element identified by ``locator``.</doc>
<msg timestamp="20231001 12:44:00.475" level="INFO">Clicking element '//button[@type='undefined'][contains(.,'FECHAR')]'.</msg>
<status status="PASS" starttime="20231001 12:44:00.474" endtime="20231001 12:44:00.530"/>
</kw>
<status status="PASS" starttime="20231001 12:43:59.373" endtime="20231001 12:44:00.530"/>
</kw>
<kw name="E direciona o usuário para a tela de autenticação" library="CadastroCocoBambu_PO">
<kw name="Page Should Contain" library="SeleniumLibrary">
<arg>${Autenticação}</arg>
<doc>Verifies that current page contains ``text``.</doc>
<msg timestamp="20231001 12:44:00.549" level="INFO">Current page contains text 'Autenticação'.</msg>
<status status="PASS" starttime="20231001 12:44:00.531" endtime="20231001 12:44:00.549"/>
</kw>
<status status="PASS" starttime="20231001 12:44:00.531" endtime="20231001 12:44:00.550"/>
</kw>
<kw name="Fechar o navegador" library="Common" type="TEARDOWN">
<kw name="Set Screenshot Directory" library="SeleniumLibrary">
<arg>path=TestCase\Screenshot</arg>
<doc>Sets the directory for captured screenshots.</doc>
<status status="PASS" starttime="20231001 12:44:00.553" endtime="20231001 12:44:00.555"/>
</kw>
<kw name="Capture Page Screenshot" library="SeleniumLibrary">
<doc>Takes a screenshot of the current page and embeds it into a log file.</doc>
<msg timestamp="20231001 12:44:00.690" level="INFO" html="true">&lt;/td&gt;&lt;/tr&gt;&lt;tr&gt;&lt;td colspan="3"&gt;&lt;a href="TestCaseScreenshot/selenium-screenshot-2.png"&gt;&lt;img src="TestCaseScreenshot/selenium-screenshot-2.png" width="800px"&gt;&lt;/a&gt;</msg>
<status status="PASS" starttime="20231001 12:44:00.555" endtime="20231001 12:44:00.690"/>
</kw>
<kw name="Close Browser" library="SeleniumLibrary">
<doc>Closes the current browser.</doc>
<status status="PASS" starttime="20231001 12:44:00.690" endtime="20231001 12:44:02.891"/>
</kw>
<status status="PASS" starttime="20231001 12:44:00.552" endtime="20231001 12:44:02.891"/>
</kw>
<tag>cadastro</tag>
<status status="PASS" starttime="20231001 12:43:39.833" endtime="20231001 12:44:02.892"/>
</test>
<test id="s1-s1-t2" name="STEP 001: Validar campo obrigatório “Nome completo”:" line="38">
<kw name="Abrir o navegador" library="Common" type="SETUP">
<kw name="Open Browser" library="SeleniumLibrary">
<arg>${SiteCocoBambu}</arg>
<arg>${browser}</arg>
<doc>Opens a new browser instance to the optional ``url``.</doc>
<msg timestamp="20231001 12:44:02.897" level="INFO">Opening browser 'chrome' to base url 'https://app.cocobambu.com/delivery'.</msg>
<status status="PASS" starttime="20231001 12:44:02.895" endtime="20231001 12:44:06.344"/>
</kw>
<kw name="Maximize Browser Window" library="SeleniumLibrary">
<doc>Maximizes current browser window.</doc>
<status status="PASS" starttime="20231001 12:44:06.345" endtime="20231001 12:44:06.469"/>
</kw>
<status status="PASS" starttime="20231001 12:44:02.895" endtime="20231001 12:44:06.469"/>
</kw>
<kw name="Dado que o usuário está na tela de cadastro do site" library="CadastroCocoBambu_PO">
<kw name="Tela de login do site" library="Common">
<kw name="Go To" library="SeleniumLibrary">
<arg>${SiteCocoBambu}</arg>
<doc>Navigates the current browser window to the provided ``url``.</doc>
<msg timestamp="20231001 12:44:06.473" level="INFO">Opening url 'https://app.cocobambu.com/delivery'</msg>
<status status="PASS" starttime="20231001 12:44:06.473" endtime="20231001 12:44:09.718"/>
</kw>
<kw name="Wait Until Element Is Visible" library="SeleniumLibrary">
<arg>//div[@class='ng-tns-c101-0 nav-button ng-star-inserted'][contains(.,'Perfil')]</arg>
<doc>Waits until the element ``locator`` is visible.</doc>
<status status="PASS" starttime="20231001 12:44:09.719" endtime="20231001 12:44:09.744"/>
</kw>
<kw name="Click Element" library="SeleniumLibrary">
<arg>//div[@class='ng-tns-c101-0 nav-button ng-star-inserted'][contains(.,'Perfil')]</arg>
<doc>Click the element identified by ``locator``.</doc>
<msg timestamp="20231001 12:44:09.745" level="INFO">Clicking element '//div[@class='ng-tns-c101-0 nav-button ng-star-inserted'][contains(.,'Perfil')]'.</msg>
<status status="PASS" starttime="20231001 12:44:09.744" endtime="20231001 12:44:09.810"/>
</kw>
<kw name="Wait Until Element Is Visible" library="SeleniumLibrary">
<arg>//div[@class='option-item clickable'][contains(.,'Entrar')]</arg>
<doc>Waits until the element ``locator`` is visible.</doc>
<status status="PASS" starttime="20231001 12:44:09.810" endtime="20231001 12:44:09.849"/>
</kw>
<kw name="Click Element" library="SeleniumLibrary">
<arg>//div[@class='option-item clickable'][contains(.,'Entrar')]</arg>
<doc>Click the element identified by ``locator``.</doc>
<msg timestamp="20231001 12:44:09.850" level="INFO">Clicking element '//div[@class='option-item clickable'][contains(.,'Entrar')]'.</msg>
<status status="PASS" starttime="20231001 12:44:09.849" endtime="20231001 12:44:09.922"/>
</kw>
<kw name="Wait Until Element Contains" library="SeleniumLibrary">
<arg>//p[contains(.,'Seja bem-vindo ao melhor restaurante do Brasil!')]</arg>
<arg>Seja bem-vindo ao melhor restaurante do Brasil!</arg>
<doc>Waits until the element ``locator`` contains ``text``.</doc>
<status status="PASS" starttime="20231001 12:44:09.922" endtime="20231001 12:44:10.235"/>
</kw>
<status status="PASS" starttime="20231001 12:44:06.471" endtime="20231001 12:44:10.236"/>
</kw>
<kw name="Wait Until Element Is Visible" library="SeleniumLibrary">
<arg>${BotãoCadastre-se}</arg>
<doc>Waits until the element ``locator`` is visible.</doc>
<status status="PASS" starttime="20231001 12:44:10.236" endtime="20231001 12:44:10.263"/>
</kw>
<kw name="Click Element" library="SeleniumLibrary">
<arg>${BotãoCadastre-se}</arg>
<doc>Click the element identified by ``locator``.</doc>
<msg timestamp="20231001 12:44:10.263" level="INFO">Clicking element '//span[@class='link'][contains(.,'Cadastre-se')]'.</msg>
<status status="PASS" starttime="20231001 12:44:10.263" endtime="20231001 12:44:10.300"/>
</kw>
<status status="PASS" starttime="20231001 12:44:06.471" endtime="20231001 12:44:10.300"/>
</kw>
<kw name="Quando clica no campo “Nome completo” para preenchimento" library="CadastroCocoBambu_PO">
<kw name="Wait Until Element Is Visible" library="SeleniumLibrary">
<arg>${ClicarCampoNome}</arg>
<doc>Waits until the element ``locator`` is visible.</doc>
<status status="PASS" starttime="20231001 12:44:10.302" endtime="20231001 12:44:10.345"/>
</kw>
<kw name="Sleep" library="BuiltIn">
<arg>0.5</arg>
<doc>Pauses the test executed for the given time.</doc>
<msg timestamp="20231001 12:44:10.847" level="INFO">Slept 500 milliseconds</msg>
<status status="PASS" starttime="20231001 12:44:10.345" endtime="20231001 12:44:10.847"/>
</kw>
<kw name="Click Element" library="SeleniumLibrary">
<arg>${ClicarCampoNome}</arg>
<doc>Click the element identified by ``locator``.</doc>
<msg timestamp="20231001 12:44:10.848" level="INFO">Clicking element '//register-popup//input[@name='name']'.</msg>
<status status="PASS" starttime="20231001 12:44:10.847" endtime="20231001 12:44:10.898"/>
</kw>
<status status="PASS" starttime="20231001 12:44:10.301" endtime="20231001 12:44:10.898"/>
</kw>
<kw name="E não preenche o campo &quot;Nome completo&quot;" library="CadastroCocoBambu_PO">
<kw name="Click Element" library="SeleniumLibrary">
<arg>${ClicarCampoE-mail}</arg>
<doc>Click the element identified by ``locator``.</doc>
<msg timestamp="20231001 12:44:10.899" level="INFO">Clicking element '//form[@id='formRegisterUser']//input[@name='username']'.</msg>
<status status="PASS" starttime="20231001 12:44:10.899" endtime="20231001 12:44:10.947"/>
</kw>
<status status="PASS" starttime="20231001 12:44:10.898" endtime="20231001 12:44:10.948"/>
</kw>
<kw name="Então o sistema apresenta a mensagem “Nome completo obrigatório.” na tela" library="CadastroCocoBambu_PO">
<kw name="Wait Until Page Contains" library="SeleniumLibrary">
<arg>${MensagemCampoNome01}</arg>
<doc>Waits until ``text`` appears on the current page.</doc>
<status status="PASS" starttime="20231001 12:44:10.948" endtime="20231001 12:44:10.964"/>
</kw>
<kw name="Page Should Contain" library="SeleniumLibrary">
<arg>${MensagemCampoNome01}</arg>
<doc>Verifies that current page contains ``text``.</doc>
<msg timestamp="20231001 12:44:10.977" level="INFO">Current page contains text 'Nome completo obrigatório.'.</msg>
<status status="PASS" starttime="20231001 12:44:10.965" endtime="20231001 12:44:10.977"/>
</kw>
<status status="PASS" starttime="20231001 12:44:10.948" endtime="20231001 12:44:10.977"/>
</kw>
<kw name="Fechar o navegador" library="Common" type="TEARDOWN">
<kw name="Set Screenshot Directory" library="SeleniumLibrary">
<arg>path=TestCase\Screenshot</arg>
<doc>Sets the directory for captured screenshots.</doc>
<status status="PASS" starttime="20231001 12:44:10.979" endtime="20231001 12:44:10.979"/>
</kw>
<kw name="Capture Page Screenshot" library="SeleniumLibrary">
<doc>Takes a screenshot of the current page and embeds it into a log file.</doc>
<msg timestamp="20231001 12:44:11.104" level="INFO" html="true">&lt;/td&gt;&lt;/tr&gt;&lt;tr&gt;&lt;td colspan="3"&gt;&lt;a href="TestCaseScreenshot/selenium-screenshot-3.png"&gt;&lt;img src="TestCaseScreenshot/selenium-screenshot-3.png" width="800px"&gt;&lt;/a&gt;</msg>
<status status="PASS" starttime="20231001 12:44:10.980" endtime="20231001 12:44:11.104"/>
</kw>
<kw name="Close Browser" library="SeleniumLibrary">
<doc>Closes the current browser.</doc>
<status status="PASS" starttime="20231001 12:44:11.105" endtime="20231001 12:44:13.354"/>
</kw>
<status status="PASS" starttime="20231001 12:44:10.978" endtime="20231001 12:44:13.354"/>
</kw>
<tag>cadastro</tag>
<status status="PASS" starttime="20231001 12:44:02.894" endtime="20231001 12:44:13.354"/>
</test>
<test id="s1-s1-t3" name="STEP 002: Validar sobrenome no campo “Nome completo”:" line="46">
<kw name="Abrir o navegador" library="Common" type="SETUP">
<kw name="Open Browser" library="SeleniumLibrary">
<arg>${SiteCocoBambu}</arg>
<arg>${browser}</arg>
<doc>Opens a new browser instance to the optional ``url``.</doc>
<msg timestamp="20231001 12:44:13.357" level="INFO">Opening browser 'chrome' to base url 'https://app.cocobambu.com/delivery'.</msg>
<status status="PASS" starttime="20231001 12:44:13.357" endtime="20231001 12:44:16.627"/>
</kw>
<kw name="Maximize Browser Window" library="SeleniumLibrary">
<doc>Maximizes current browser window.</doc>
<status status="PASS" starttime="20231001 12:44:16.627" endtime="20231001 12:44:16.773"/>
</kw>
<status status="PASS" starttime="20231001 12:44:13.356" endtime="20231001 12:44:16.773"/>
</kw>
<kw name="Dado que o usuário está na tela de cadastro do site" library="CadastroCocoBambu_PO">
<kw name="Tela de login do site" library="Common">
<kw name="Go To" library="SeleniumLibrary">
<arg>${SiteCocoBambu}</arg>
<doc>Navigates the current browser window to the provided ``url``.</doc>
<msg timestamp="20231001 12:44:16.777" level="INFO">Opening url 'https://app.cocobambu.com/delivery'</msg>
<status status="PASS" starttime="20231001 12:44:16.776" endtime="20231001 12:44:20.376"/>
</kw>
<kw name="Wait Until Element Is Visible" library="SeleniumLibrary">
<arg>//div[@class='ng-tns-c101-0 nav-button ng-star-inserted'][contains(.,'Perfil')]</arg>
<doc>Waits until the element ``locator`` is visible.</doc>
<status status="PASS" starttime="20231001 12:44:20.376" endtime="20231001 12:44:20.401"/>
</kw>
<kw name="Click Element" library="SeleniumLibrary">
<arg>//div[@class='ng-tns-c101-0 nav-button ng-star-inserted'][contains(.,'Perfil')]</arg>
<doc>Click the element identified by ``locator``.</doc>
<msg timestamp="20231001 12:44:20.403" level="INFO">Clicking element '//div[@class='ng-tns-c101-0 nav-button ng-star-inserted'][contains(.,'Perfil')]'.</msg>
<status status="PASS" starttime="20231001 12:44:20.403" endtime="20231001 12:44:20.462"/>
</kw>
<kw name="Wait Until Element Is Visible" library="SeleniumLibrary">
<arg>//div[@class='option-item clickable'][contains(.,'Entrar')]</arg>
<doc>Waits until the element ``locator`` is visible.</doc>
<status status="PASS" starttime="20231001 12:44:20.462" endtime="20231001 12:44:20.497"/>
</kw>
<kw name="Click Element" library="SeleniumLibrary">
<arg>//div[@class='option-item clickable'][contains(.,'Entrar')]</arg>
<doc>Click the element identified by ``locator``.</doc>
<msg timestamp="20231001 12:44:20.498" level="INFO">Clicking element '//div[@class='option-item clickable'][contains(.,'Entrar')]'.</msg>
<status status="PASS" starttime="20231001 12:44:20.497" endtime="20231001 12:44:20.569"/>
</kw>
<kw name="Wait Until Element Contains" library="SeleniumLibrary">
<arg>//p[contains(.,'Seja bem-vindo ao melhor restaurante do Brasil!')]</arg>
<arg>Seja bem-vindo ao melhor restaurante do Brasil!</arg>
<doc>Waits until the element ``locator`` contains ``text``.</doc>
<status status="PASS" starttime="20231001 12:44:20.569" endtime="20231001 12:44:20.873"/>
</kw>
<status status="PASS" starttime="20231001 12:44:16.775" endtime="20231001 12:44:20.873"/>
</kw>
<kw name="Wait Until Element Is Visible" library="SeleniumLibrary">
<arg>${BotãoCadastre-se}</arg>
<doc>Waits until the element ``locator`` is visible.</doc>
<status status="PASS" starttime="20231001 12:44:20.874" endtime="20231001 12:44:20.896"/>
</kw>
<kw name="Click Element" library="SeleniumLibrary">
<arg>${BotãoCadastre-se}</arg>
<doc>Click the element identified by ``locator``.</doc>
<msg timestamp="20231001 12:44:20.896" level="INFO">Clicking element '//span[@class='link'][contains(.,'Cadastre-se')]'.</msg>
<status status="PASS" starttime="20231001 12:44:20.896" endtime="20231001 12:44:20.931"/>
</kw>
<status status="PASS" starttime="20231001 12:44:16.774" endtime="20231001 12:44:20.932"/>
</kw>
<kw name="Quando clica no campo “Nome completo” para preenchimento" library="CadastroCocoBambu_PO">
<kw name="Wait Until Element Is Visible" library="SeleniumLibrary">
<arg>${ClicarCampoNome}</arg>
<doc>Waits until the element ``locator`` is visible.</doc>
<status status="PASS" starttime="20231001 12:44:20.932" endtime="20231001 12:44:21.014"/>
</kw>
<kw name="Sleep" library="BuiltIn">
<arg>0.5</arg>
<doc>Pauses the test executed for the given time.</doc>
<msg timestamp="20231001 12:44:21.516" level="INFO">Slept 500 milliseconds</msg>
<status status="PASS" starttime="20231001 12:44:21.014" endtime="20231001 12:44:21.516"/>
</kw>
<kw name="Click Element" library="SeleniumLibrary">
<arg>${ClicarCampoNome}</arg>
<doc>Click the element identified by ``locator``.</doc>
<msg timestamp="20231001 12:44:21.517" level="INFO">Clicking element '//register-popup//input[@name='name']'.</msg>
<status status="PASS" starttime="20231001 12:44:21.516" endtime="20231001 12:44:21.562"/>
</kw>
<status status="PASS" starttime="20231001 12:44:20.932" endtime="20231001 12:44:21.562"/>
</kw>
<kw name="E preenche apenas com o primeiro nome" library="CadastroCocoBambu_PO">
<kw name="Input Text" library="SeleniumLibrary">
<arg>${ClicarCampoNome}</arg>
<arg>${Nome}</arg>
<doc>Types the given ``text`` into the text field identified by ``locator``.</doc>
<msg timestamp="20231001 12:44:21.565" level="INFO">Typing text 'João' into text field '//register-popup//input[@name='name']'.</msg>
<status status="PASS" starttime="20231001 12:44:21.564" endtime="20231001 12:44:21.644"/>
</kw>
<status status="PASS" starttime="20231001 12:44:21.562" endtime="20231001 12:44:21.646"/>
</kw>
<kw name="Então o sistema apresenta a mensagem “Digite seu nome completo.” na tela" library="CadastroCocoBambu_PO">
<kw name="Wait Until Page Contains" library="SeleniumLibrary">
<arg>${MensagemCampoNome02}</arg>
<doc>Waits until ``text`` appears on the current page.</doc>
<status status="PASS" starttime="20231001 12:44:21.647" endtime="20231001 12:44:21.666"/>
</kw>
<kw name="Page Should Contain" library="SeleniumLibrary">
<arg>${MensagemCampoNome02}</arg>
<doc>Verifies that current page contains ``text``.</doc>
<msg timestamp="20231001 12:44:21.683" level="INFO">Current page contains text 'Digite seu nome completo.'.</msg>
<status status="PASS" starttime="20231001 12:44:21.666" endtime="20231001 12:44:21.684"/>
</kw>
<status status="PASS" starttime="20231001 12:44:21.647" endtime="20231001 12:44:21.684"/>
</kw>
<kw name="Fechar o navegador" library="Common" type="TEARDOWN">
<kw name="Set Screenshot Directory" library="SeleniumLibrary">
<arg>path=TestCase\Screenshot</arg>
<doc>Sets the directory for captured screenshots.</doc>
<status status="PASS" starttime="20231001 12:44:21.687" endtime="20231001 12:44:21.688"/>
</kw>
<kw name="Capture Page Screenshot" library="SeleniumLibrary">
<doc>Takes a screenshot of the current page and embeds it into a log file.</doc>
<msg timestamp="20231001 12:44:21.788" level="INFO" html="true">&lt;/td&gt;&lt;/tr&gt;&lt;tr&gt;&lt;td colspan="3"&gt;&lt;a href="TestCaseScreenshot/selenium-screenshot-4.png"&gt;&lt;img src="TestCaseScreenshot/selenium-screenshot-4.png" width="800px"&gt;&lt;/a&gt;</msg>
<status status="PASS" starttime="20231001 12:44:21.688" endtime="20231001 12:44:21.790"/>
</kw>
<kw name="Close Browser" library="SeleniumLibrary">
<doc>Closes the current browser.</doc>
<status status="PASS" starttime="20231001 12:44:21.790" endtime="20231001 12:44:24.011"/>
</kw>
<status status="PASS" starttime="20231001 12:44:21.686" endtime="20231001 12:44:24.011"/>
</kw>
<tag>cadastro</tag>
<status status="PASS" starttime="20231001 12:44:13.355" endtime="20231001 12:44:24.012"/>
</test>
<test id="s1-s1-t4" name="STEP 001: Validar campo obrigatório “E-mail”:" line="55">
<kw name="Abrir o navegador" library="Common" type="SETUP">
<kw name="Open Browser" library="SeleniumLibrary">
<arg>${SiteCocoBambu}</arg>
<arg>${browser}</arg>
<doc>Opens a new browser instance to the optional ``url``.</doc>
<msg timestamp="20231001 12:44:24.015" level="INFO">Opening browser 'chrome' to base url 'https://app.cocobambu.com/delivery'.</msg>
<status status="PASS" starttime="20231001 12:44:24.015" endtime="20231001 12:44:27.527"/>
</kw>
<kw name="Maximize Browser Window" library="SeleniumLibrary">
<doc>Maximizes current browser window.</doc>
<status status="PASS" starttime="20231001 12:44:27.527" endtime="20231001 12:44:27.647"/>
</kw>
<status status="PASS" starttime="20231001 12:44:24.013" endtime="20231001 12:44:27.648"/>
</kw>
<kw name="Dado que o usuário está na tela de cadastro do site" library="CadastroCocoBambu_PO">
<kw name="Tela de login do site" library="Common">
<kw name="Go To" library="SeleniumLibrary">
<arg>${SiteCocoBambu}</arg>
<doc>Navigates the current browser window to the provided ``url``.</doc>
<msg timestamp="20231001 12:44:27.651" level="INFO">Opening url 'https://app.cocobambu.com/delivery'</msg>
<status status="PASS" starttime="20231001 12:44:27.651" endtime="20231001 12:44:28.305"/>
</kw>
<kw name="Wait Until Element Is Visible" library="SeleniumLibrary">
<arg>//div[@class='ng-tns-c101-0 nav-button ng-star-inserted'][contains(.,'Perfil')]</arg>
<doc>Waits until the element ``locator`` is visible.</doc>
<status status="PASS" starttime="20231001 12:44:28.306" endtime="20231001 12:44:28.347"/>
</kw>
<kw name="Click Element" library="SeleniumLibrary">
<arg>//div[@class='ng-tns-c101-0 nav-button ng-star-inserted'][contains(.,'Perfil')]</arg>
<doc>Click the element identified by ``locator``.</doc>
<msg timestamp="20231001 12:44:28.348" level="INFO">Clicking element '//div[@class='ng-tns-c101-0 nav-button ng-star-inserted'][contains(.,'Perfil')]'.</msg>
<status status="PASS" starttime="20231001 12:44:28.347" endtime="20231001 12:44:28.471"/>
</kw>
<kw name="Wait Until Element Is Visible" library="SeleniumLibrary">
<arg>//div[@class='option-item clickable'][contains(.,'Entrar')]</arg>
<doc>Waits until the element ``locator`` is visible.</doc>
<status status="PASS" starttime="20231001 12:44:28.472" endtime="20231001 12:44:28.513"/>
</kw>
<kw name="Click Element" library="SeleniumLibrary">
<arg>//div[@class='option-item clickable'][contains(.,'Entrar')]</arg>
<doc>Click the element identified by ``locator``.</doc>
<msg timestamp="20231001 12:44:28.515" level="INFO">Clicking element '//div[@class='option-item clickable'][contains(.,'Entrar')]'.</msg>
<status status="PASS" starttime="20231001 12:44:28.515" endtime="20231001 12:44:28.609"/>
</kw>
<kw name="Wait Until Element Contains" library="SeleniumLibrary">
<arg>//p[contains(.,'Seja bem-vindo ao melhor restaurante do Brasil!')]</arg>
<arg>Seja bem-vindo ao melhor restaurante do Brasil!</arg>
<doc>Waits until the element ``locator`` contains ``text``.</doc>
<status status="PASS" starttime="20231001 12:44:28.609" endtime="20231001 12:44:28.674"/>
</kw>
<status status="PASS" starttime="20231001 12:44:27.649" endtime="20231001 12:44:28.675"/>
</kw>
<kw name="Wait Until Element Is Visible" library="SeleniumLibrary">
<arg>${BotãoCadastre-se}</arg>
<doc>Waits until the element ``locator`` is visible.</doc>
<status status="PASS" starttime="20231001 12:44:28.675" endtime="20231001 12:44:28.713"/>
</kw>
<kw name="Click Element" library="SeleniumLibrary">
<arg>${BotãoCadastre-se}</arg>
<doc>Click the element identified by ``locator``.</doc>
<msg timestamp="20231001 12:44:28.713" level="INFO">Clicking element '//span[@class='link'][contains(.,'Cadastre-se')]'.</msg>
<status status="PASS" starttime="20231001 12:44:28.713" endtime="20231001 12:44:28.866"/>
</kw>
<status status="PASS" starttime="20231001 12:44:27.648" endtime="20231001 12:44:28.867"/>
</kw>
<kw name="Quando clica no campo “E-mail” para preenchimento" library="CadastroCocoBambu_PO">
<kw name="Wait Until Element Is Visible" library="SeleniumLibrary">
<arg>${ClicarCampoE-mail}</arg>
<doc>Waits until the element ``locator`` is visible.</doc>
<status status="PASS" starttime="20231001 12:44:28.869" endtime="20231001 12:44:29.003"/>
</kw>
<kw name="Sleep" library="BuiltIn">
<arg>0.5</arg>
<doc>Pauses the test executed for the given time.</doc>
<msg timestamp="20231001 12:44:29.505" level="INFO">Slept 500 milliseconds</msg>
<status status="PASS" starttime="20231001 12:44:29.004" endtime="20231001 12:44:29.505"/>
</kw>
<kw name="Click Element" library="SeleniumLibrary">
<arg>${ClicarCampoE-mail}</arg>
<doc>Click the element identified by ``locator``.</doc>
<msg timestamp="20231001 12:44:29.506" level="INFO">Clicking element '//form[@id='formRegisterUser']//input[@name='username']'.</msg>
<status status="PASS" starttime="20231001 12:44:29.505" endtime="20231001 12:44:29.565"/>
</kw>
<status status="PASS" starttime="20231001 12:44:28.868" endtime="20231001 12:44:29.566"/>
</kw>
<kw name="E não o preenche o campo “E-mail”" library="CadastroCocoBambu_PO">
<kw name="Click Element" library="SeleniumLibrary">
<arg>${ClicarCampoNome}</arg>
<doc>Click the element identified by ``locator``.</doc>
<msg timestamp="20231001 12:44:29.568" level="INFO">Clicking element '//register-popup//input[@name='name']'.</msg>
<status status="PASS" starttime="20231001 12:44:29.567" endtime="20231001 12:44:29.625"/>
</kw>
<status status="PASS" starttime="20231001 12:44:29.567" endtime="20231001 12:44:29.625"/>
</kw>
<kw name="Então o sistema apresenta a mensagem “E-mail é obrigatório.” na tela" library="CadastroCocoBambu_PO">
<kw name="Wait Until Page Contains" library="SeleniumLibrary">
<arg>${MensagemCampoE-mail01}</arg>
<doc>Waits until ``text`` appears on the current page.</doc>
<status status="PASS" starttime="20231001 12:44:29.626" endtime="20231001 12:44:29.647"/>
</kw>
<kw name="Page Should Contain" library="SeleniumLibrary">
<arg>${MensagemCampoE-mail01}</arg>
<doc>Verifies that current page contains ``text``.</doc>
<msg timestamp="20231001 12:44:29.663" level="INFO">Current page contains text 'E-mail é obrigatório.'.</msg>
<status status="PASS" starttime="20231001 12:44:29.648" endtime="20231001 12:44:29.663"/>
</kw>
<status status="PASS" starttime="20231001 12:44:29.626" endtime="20231001 12:44:29.663"/>
</kw>
<kw name="Fechar o navegador" library="Common" type="TEARDOWN">
<kw name="Set Screenshot Directory" library="SeleniumLibrary">
<arg>path=TestCase\Screenshot</arg>
<doc>Sets the directory for captured screenshots.</doc>
<status status="PASS" starttime="20231001 12:44:29.664" endtime="20231001 12:44:29.667"/>
</kw>
<kw name="Capture Page Screenshot" library="SeleniumLibrary">
<doc>Takes a screenshot of the current page and embeds it into a log file.</doc>
<msg timestamp="20231001 12:44:29.782" level="INFO" html="true">&lt;/td&gt;&lt;/tr&gt;&lt;tr&gt;&lt;td colspan="3"&gt;&lt;a href="TestCaseScreenshot/selenium-screenshot-5.png"&gt;&lt;img src="TestCaseScreenshot/selenium-screenshot-5.png" width="800px"&gt;&lt;/a&gt;</msg>
<status status="PASS" starttime="20231001 12:44:29.668" endtime="20231001 12:44:29.782"/>
</kw>
<kw name="Close Browser" library="SeleniumLibrary">
<doc>Closes the current browser.</doc>
<status status="PASS" starttime="20231001 12:44:29.783" endtime="20231001 12:44:31.988"/>
</kw>
<status status="PASS" starttime="20231001 12:44:29.664" endtime="20231001 12:44:31.988"/>
</kw>
<tag>cadastro</tag>
<status status="PASS" starttime="20231001 12:44:24.013" endtime="20231001 12:44:31.989"/>
</test>
<test id="s1-s1-t5" name="STEP 002: Validar padrão de email no campo “E-mail”:" line="63">
<kw name="Abrir o navegador" library="Common" type="SETUP">
<kw name="Open Browser" library="SeleniumLibrary">
<arg>${SiteCocoBambu}</arg>
<arg>${browser}</arg>
<doc>Opens a new browser instance to the optional ``url``.</doc>
<msg timestamp="20231001 12:44:31.994" level="INFO">Opening browser 'chrome' to base url 'https://app.cocobambu.com/delivery'.</msg>
<status status="PASS" starttime="20231001 12:44:31.993" endtime="20231001 12:44:35.954"/>
</kw>
<kw name="Maximize Browser Window" library="SeleniumLibrary">
<doc>Maximizes current browser window.</doc>
<status status="PASS" starttime="20231001 12:44:35.955" endtime="20231001 12:44:36.077"/>
</kw>
<status status="PASS" starttime="20231001 12:44:31.992" endtime="20231001 12:44:36.077"/>
</kw>
<kw name="Dado que o usuário está na tela de cadastro do site" library="CadastroCocoBambu_PO">
<kw name="Tela de login do site" library="Common">
<kw name="Go To" library="SeleniumLibrary">
<arg>${SiteCocoBambu}</arg>
<doc>Navigates the current browser window to the provided ``url``.</doc>
<msg timestamp="20231001 12:44:36.079" level="INFO">Opening url 'https://app.cocobambu.com/delivery'</msg>
<status status="PASS" starttime="20231001 12:44:36.079" endtime="20231001 12:44:37.167"/>
</kw>
<kw name="Wait Until Element Is Visible" library="SeleniumLibrary">
<arg>//div[@class='ng-tns-c101-0 nav-button ng-star-inserted'][contains(.,'Perfil')]</arg>
<doc>Waits until the element ``locator`` is visible.</doc>
<status status="PASS" starttime="20231001 12:44:37.169" endtime="20231001 12:44:37.200"/>
</kw>
<kw name="Click Element" library="SeleniumLibrary">
<arg>//div[@class='ng-tns-c101-0 nav-button ng-star-inserted'][contains(.,'Perfil')]</arg>
<doc>Click the element identified by ``locator``.</doc>
<msg timestamp="20231001 12:44:37.202" level="INFO">Clicking element '//div[@class='ng-tns-c101-0 nav-button ng-star-inserted'][contains(.,'Perfil')]'.</msg>
<status status="PASS" starttime="20231001 12:44:37.200" endtime="20231001 12:44:37.294"/>
</kw>
<kw name="Wait Until Element Is Visible" library="SeleniumLibrary">
<arg>//div[@class='option-item clickable'][contains(.,'Entrar')]</arg>
<doc>Waits until the element ``locator`` is visible.</doc>
<status status="PASS" starttime="20231001 12:44:37.294" endtime="20231001 12:44:37.362"/>
</kw>
<kw name="Click Element" library="SeleniumLibrary">
<arg>//div[@class='option-item clickable'][contains(.,'Entrar')]</arg>
<doc>Click the element identified by ``locator``.</doc>
<msg timestamp="20231001 12:44:37.363" level="INFO">Clicking element '//div[@class='option-item clickable'][contains(.,'Entrar')]'.</msg>
<status status="PASS" starttime="20231001 12:44:37.362" endtime="20231001 12:44:37.465"/>
</kw>
<kw name="Wait Until Element Contains" library="SeleniumLibrary">
<arg>//p[contains(.,'Seja bem-vindo ao melhor restaurante do Brasil!')]</arg>
<arg>Seja bem-vindo ao melhor restaurante do Brasil!</arg>
<doc>Waits until the element ``locator`` contains ``text``.</doc>
<status status="PASS" starttime="20231001 12:44:37.466" endtime="20231001 12:44:37.725"/>
</kw>
<status status="PASS" starttime="20231001 12:44:36.078" endtime="20231001 12:44:37.725"/>
</kw>
<kw name="Wait Until Element Is Visible" library="SeleniumLibrary">
<arg>${BotãoCadastre-se}</arg>
<doc>Waits until the element ``locator`` is visible.</doc>
<status status="PASS" starttime="20231001 12:44:37.726" endtime="20231001 12:44:37.758"/>
</kw>
<kw name="Click Element" library="SeleniumLibrary">
<arg>${BotãoCadastre-se}</arg>
<doc>Click the element identified by ``locator``.</doc>
<msg timestamp="20231001 12:44:37.758" level="INFO">Clicking element '//span[@class='link'][contains(.,'Cadastre-se')]'.</msg>
<status status="PASS" starttime="20231001 12:44:37.758" endtime="20231001 12:44:37.846"/>
</kw>
<status status="PASS" starttime="20231001 12:44:36.078" endtime="20231001 12:44:37.846"/>
</kw>
<kw name="Quando clica no campo “E-mail” para preenchimento" library="CadastroCocoBambu_PO">
<kw name="Wait Until Element Is Visible" library="SeleniumLibrary">
<arg>${ClicarCampoE-mail}</arg>
<doc>Waits until the element ``locator`` is visible.</doc>
<status status="PASS" starttime="20231001 12:44:37.848" endtime="20231001 12:44:37.881"/>
</kw>
<kw name="Sleep" library="BuiltIn">
<arg>0.5</arg>
<doc>Pauses the test executed for the given time.</doc>
<msg timestamp="20231001 12:44:38.383" level="INFO">Slept 500 milliseconds</msg>
<status status="PASS" starttime="20231001 12:44:37.881" endtime="20231001 12:44:38.383"/>
</kw>
<kw name="Click Element" library="SeleniumLibrary">
<arg>${ClicarCampoE-mail}</arg>
<doc>Click the element identified by ``locator``.</doc>
<msg timestamp="20231001 12:44:38.384" level="INFO">Clicking element '//form[@id='formRegisterUser']//input[@name='username']'.</msg>
<status status="PASS" starttime="20231001 12:44:38.383" endtime="20231001 12:44:38.480"/>
</kw>
<status status="PASS" starttime="20231001 12:44:37.847" endtime="20231001 12:44:38.481"/>
</kw>
<kw name="E preenche o campo fora do padrão de email" library="CadastroCocoBambu_PO">
<kw name="Input Text" library="SeleniumLibrary">
<arg>${ClicarCampoE-mail}</arg>
<arg>${Email}</arg>
<doc>Types the given ``text`` into the text field identified by ``locator``.</doc>
<msg timestamp="20231001 12:44:38.483" level="INFO">Typing text 'luiz.com' into text field '//form[@id='formRegisterUser']//input[@name='username']'.</msg>
<status status="PASS" starttime="20231001 12:44:38.482" endtime="20231001 12:44:38.573"/>
</kw>
<status status="PASS" starttime="20231001 12:44:38.481" endtime="20231001 12:44:38.574"/>
</kw>
<kw name="Então o sistema apresenta a mensagem “E-mail inválido.” na tela" library="CadastroCocoBambu_PO">
<kw name="Wait Until Page Contains" library="SeleniumLibrary">
<arg>${MensagemCampoE-mail02}</arg>
<doc>Waits until ``text`` appears on the current page.</doc>
<status status="PASS" starttime="20231001 12:44:38.575" endtime="20231001 12:44:38.594"/>
</kw>
<kw name="Page Should Contain" library="SeleniumLibrary">
<arg>${MensagemCampoE-mail02}</arg>
<doc>Verifies that current page contains ``text``.</doc>
<msg timestamp="20231001 12:44:38.608" level="INFO">Current page contains text 'E-mail inválido.'.</msg>
<status status="PASS" starttime="20231001 12:44:38.594" endtime="20231001 12:44:38.608"/>
</kw>
<status status="PASS" starttime="20231001 12:44:38.575" endtime="20231001 12:44:38.608"/>
</kw>
<kw name="Fechar o navegador" library="Common" type="TEARDOWN">
<kw name="Set Screenshot Directory" library="SeleniumLibrary">
<arg>path=TestCase\Screenshot</arg>
<doc>Sets the directory for captured screenshots.</doc>
<status status="PASS" starttime="20231001 12:44:38.609" endtime="20231001 12:44:38.610"/>
</kw>
<kw name="Capture Page Screenshot" library="SeleniumLibrary">
<doc>Takes a screenshot of the current page and embeds it into a log file.</doc>
<msg timestamp="20231001 12:44:38.744" level="INFO" html="true">&lt;/td&gt;&lt;/tr&gt;&lt;tr&gt;&lt;td colspan="3"&gt;&lt;a href="TestCaseScreenshot/selenium-screenshot-6.png"&gt;&lt;img src="TestCaseScreenshot/selenium-screenshot-6.png" width="800px"&gt;&lt;/a&gt;</msg>
<status status="PASS" starttime="20231001 12:44:38.611" endtime="20231001 12:44:38.745"/>
</kw>
<kw name="Close Browser" library="SeleniumLibrary">
<doc>Closes the current browser.</doc>
<status status="PASS" starttime="20231001 12:44:38.745" endtime="20231001 12:44:40.937"/>
</kw>
<status status="PASS" starttime="20231001 12:44:38.609" endtime="20231001 12:44:40.937"/>
</kw>
<tag>cadastro</tag>
<status status="PASS" starttime="20231001 12:44:31.991" endtime="20231001 12:44:40.938"/>
</test>
<test id="s1-s1-t6" name="STEP 001: Validar campo obrigatório “Senha”:" line="72">
<kw name="Abrir o navegador" library="Common" type="SETUP">
<kw name="Open Browser" library="SeleniumLibrary">
<arg>${SiteCocoBambu}</arg>
<arg>${browser}</arg>
<doc>Opens a new browser instance to the optional ``url``.</doc>
<msg timestamp="20231001 12:44:40.942" level="INFO">Opening browser 'chrome' to base url 'https://app.cocobambu.com/delivery'.</msg>
<status status="PASS" starttime="20231001 12:44:40.941" endtime="20231001 12:44:46.576"/>
</kw>
<kw name="Maximize Browser Window" library="SeleniumLibrary">
<doc>Maximizes current browser window.</doc>
<status status="PASS" starttime="20231001 12:44:46.576" endtime="20231001 12:44:46.704"/>
</kw>
<status status="PASS" starttime="20231001 12:44:40.940" endtime="20231001 12:44:46.704"/>
</kw>
<kw name="Dado que o usuário está na tela de cadastro do site" library="CadastroCocoBambu_PO">
<kw name="Tela de login do site" library="Common">
<kw name="Go To" library="SeleniumLibrary">
<arg>${SiteCocoBambu}</arg>
<doc>Navigates the current browser window to the provided ``url``.</doc>
<msg timestamp="20231001 12:44:46.706" level="INFO">Opening url 'https://app.cocobambu.com/delivery'</msg>
<status status="PASS" starttime="20231001 12:44:46.705" endtime="20231001 12:44:50.319"/>
</kw>
<kw name="Wait Until Element Is Visible" library="SeleniumLibrary">
<arg>//div[@class='ng-tns-c101-0 nav-button ng-star-inserted'][contains(.,'Perfil')]</arg>
<doc>Waits until the element ``locator`` is visible.</doc>
<status status="PASS" starttime="20231001 12:44:50.320" endtime="20231001 12:44:50.362"/>
</kw>
<kw name="Click Element" library="SeleniumLibrary">
<arg>//div[@class='ng-tns-c101-0 nav-button ng-star-inserted'][contains(.,'Perfil')]</arg>
<doc>Click the element identified by ``locator``.</doc>
<msg timestamp="20231001 12:44:50.363" level="INFO">Clicking element '//div[@class='ng-tns-c101-0 nav-button ng-star-inserted'][contains(.,'Perfil')]'.</msg>
<status status="PASS" starttime="20231001 12:44:50.363" endtime="20231001 12:44:50.460"/>
</kw>
<kw name="Wait Until Element Is Visible" library="SeleniumLibrary">
<arg>//div[@class='option-item clickable'][contains(.,'Entrar')]</arg>
<doc>Waits until the element ``locator`` is visible.</doc>
<status status="PASS" starttime="20231001 12:44:50.461" endtime="20231001 12:44:50.508"/>
</kw>
<kw name="Click Element" library="SeleniumLibrary">
<arg>//div[@class='option-item clickable'][contains(.,'Entrar')]</arg>
<doc>Click the element identified by ``locator``.</doc>
<msg timestamp="20231001 12:44:50.511" level="INFO">Clicking element '//div[@class='option-item clickable'][contains(.,'Entrar')]'.</msg>
<status status="PASS" starttime="20231001 12:44:50.510" endtime="20231001 12:44:50.617"/>
</kw>
<kw name="Wait Until Element Contains" library="SeleniumLibrary">
<arg>//p[contains(.,'Seja bem-vindo ao melhor restaurante do Brasil!')]</arg>
<arg>Seja bem-vindo ao melhor restaurante do Brasil!</arg>
<doc>Waits until the element ``locator`` contains ``text``.</doc>
<status status="PASS" starttime="20231001 12:44:50.618" endtime="20231001 12:44:50.905"/>
</kw>
<status status="PASS" starttime="20231001 12:44:46.705" endtime="20231001 12:44:50.905"/>
</kw>
<kw name="Wait Until Element Is Visible" library="SeleniumLibrary">
<arg>${BotãoCadastre-se}</arg>
<doc>Waits until the element ``locator`` is visible.</doc>
<status status="PASS" starttime="20231001 12:44:50.906" endtime="20231001 12:44:50.934"/>
</kw>
<kw name="Click Element" library="SeleniumLibrary">
<arg>${BotãoCadastre-se}</arg>
<doc>Click the element identified by ``locator``.</doc>
<msg timestamp="20231001 12:44:50.936" level="INFO">Clicking element '//span[@class='link'][contains(.,'Cadastre-se')]'.</msg>
<status status="PASS" starttime="20231001 12:44:50.935" endtime="20231001 12:44:51.024"/>
</kw>
<status status="PASS" starttime="20231001 12:44:46.705" endtime="20231001 12:44:51.025"/>
</kw>
<kw name="Quando clica no campo “Senha” para preenchimento" library="CadastroCocoBambu_PO">
<kw name="Wait Until Element Is Visible" library="SeleniumLibrary">
<arg>${ClicarCampoSenha}</arg>
<doc>Waits until the element ``locator`` is visible.</doc>
<status status="PASS" starttime="20231001 12:44:51.027" endtime="20231001 12:44:51.061"/>
</kw>
<kw name="Sleep" library="BuiltIn">
<arg>0.5</arg>
<doc>Pauses the test executed for the given time.</doc>
<msg timestamp="20231001 12:44:51.563" level="INFO">Slept 500 milliseconds</msg>
<status status="PASS" starttime="20231001 12:44:51.061" endtime="20231001 12:44:51.563"/>
</kw>
<kw name="Click Element" library="SeleniumLibrary">
<arg>${ClicarCampoSenha}</arg>
<doc>Click the element identified by ``locator``.</doc>
<msg timestamp="20231001 12:44:51.563" level="INFO">Clicking element '//form[@id='formRegisterUser']//input[@name='password']'.</msg>
<status status="PASS" starttime="20231001 12:44:51.563" endtime="20231001 12:44:51.627"/>
</kw>
<status status="PASS" starttime="20231001 12:44:51.025" endtime="20231001 12:44:51.627"/>
</kw>
<kw name="E não o preenche o campo “Senha”" library="CadastroCocoBambu_PO">
<kw name="Click Element" library="SeleniumLibrary">
<arg>${ClicarCampoNome}</arg>
<doc>Click the element identified by ``locator``.</doc>
<msg timestamp="20231001 12:44:51.630" level="INFO">Clicking element '//register-popup//input[@name='name']'.</msg>
<status status="PASS" starttime="20231001 12:44:51.629" endtime="20231001 12:44:51.688"/>
</kw>
<status status="PASS" starttime="20231001 12:44:51.628" endtime="20231001 12:44:51.690"/>
</kw>
<kw name="Então o sistema apresenta a mensagem “Senha é obrigatória.” na tela" library="CadastroCocoBambu_PO">
<kw name="Wait Until Page Contains" library="SeleniumLibrary">
<arg>${MensagemCampoSenha01}</arg>
<doc>Waits until ``text`` appears on the current page.</doc>
<status status="PASS" starttime="20231001 12:44:51.691" endtime="20231001 12:44:51.709"/>
</kw>
<kw name="Page Should Contain" library="SeleniumLibrary">
<arg>${MensagemCampoSenha01}</arg>
<doc>Verifies that current page contains ``text``.</doc>
<msg timestamp="20231001 12:44:51.720" level="INFO">Current page contains text 'Senha é obrigatória.'.</msg>
<status status="PASS" starttime="20231001 12:44:51.709" endtime="20231001 12:44:51.720"/>
</kw>
<status status="PASS" starttime="20231001 12:44:51.690" endtime="20231001 12:44:51.721"/>
</kw>
<kw name="Fechar o navegador" library="Common" type="TEARDOWN">
<kw name="Set Screenshot Directory" library="SeleniumLibrary">
<arg>path=TestCase\Screenshot</arg>
<doc>Sets the directory for captured screenshots.</doc>
<status status="PASS" starttime="20231001 12:44:51.723" endtime="20231001 12:44:51.724"/>
</kw>
<kw name="Capture Page Screenshot" library="SeleniumLibrary">
<doc>Takes a screenshot of the current page and embeds it into a log file.</doc>
<msg timestamp="20231001 12:44:51.840" level="INFO" html="true">&lt;/td&gt;&lt;/tr&gt;&lt;tr&gt;&lt;td colspan="3"&gt;&lt;a href="TestCaseScreenshot/selenium-screenshot-7.png"&gt;&lt;img src="TestCaseScreenshot/selenium-screenshot-7.png" width="800px"&gt;&lt;/a&gt;</msg>
<status status="PASS" starttime="20231001 12:44:51.724" endtime="20231001 12:44:51.840"/>
</kw>
<kw name="Close Browser" library="SeleniumLibrary">
<doc>Closes the current browser.</doc>
<status status="PASS" starttime="20231001 12:44:51.840" endtime="20231001 12:44:54.126"/>
</kw>
<status status="PASS" starttime="20231001 12:44:51.721" endtime="20231001 12:44:54.126"/>
</kw>
<tag>cadastro</tag>
<status status="PASS" starttime="20231001 12:44:40.939" endtime="20231001 12:44:54.127"/>
</test>
<test id="s1-s1-t7" name="STEP 002: Validar padrão de senha no campo “Senha - Senha deve conter no mínimo 6 caracteres.”:" line="80">
<kw name="Abrir o navegador" library="Common" type="SETUP">
<kw name="Open Browser" library="SeleniumLibrary">
<arg>${SiteCocoBambu}</arg>
<arg>${browser}</arg>
<doc>Opens a new browser instance to the optional ``url``.</doc>
<msg timestamp="20231001 12:44:54.131" level="INFO">Opening browser 'chrome' to base url 'https://app.cocobambu.com/delivery'.</msg>
<status status="PASS" starttime="20231001 12:44:54.130" endtime="20231001 12:44:57.657"/>
</kw>
<kw name="Maximize Browser Window" library="SeleniumLibrary">
<doc>Maximizes current browser window.</doc>
<status status="PASS" starttime="20231001 12:44:57.657" endtime="20231001 12:44:57.778"/>
</kw>
<status status="PASS" starttime="20231001 12:44:54.129" endtime="20231001 12:44:57.778"/>
</kw>
<kw name="Dado que o usuário está na tela de cadastro do site" library="CadastroCocoBambu_PO">
<kw name="Tela de login do site" library="Common">
<kw name="Go To" library="SeleniumLibrary">
<arg>${SiteCocoBambu}</arg>
<doc>Navigates the current browser window to the provided ``url``.</doc>
<msg timestamp="20231001 12:44:57.780" level="INFO">Opening url 'https://app.cocobambu.com/delivery'</msg>
<status status="PASS" starttime="20231001 12:44:57.779" endtime="20231001 12:44:59.010"/>
</kw>
<kw name="Wait Until Element Is Visible" library="SeleniumLibrary">
<arg>//div[@class='ng-tns-c101-0 nav-button ng-star-inserted'][contains(.,'Perfil')]</arg>
<doc>Waits until the element ``locator`` is visible.</doc>
<status status="PASS" starttime="20231001 12:44:59.010" endtime="20231001 12:44:59.057"/>
</kw>
<kw name="Click Element" library="SeleniumLibrary">
<arg>//div[@class='ng-tns-c101-0 nav-button ng-star-inserted'][contains(.,'Perfil')]</arg>
<doc>Click the element identified by ``locator``.</doc>
<msg timestamp="20231001 12:44:59.058" level="INFO">Clicking element '//div[@class='ng-tns-c101-0 nav-button ng-star-inserted'][contains(.,'Perfil')]'.</msg>
<status status="PASS" starttime="20231001 12:44:59.058" endtime="20231001 12:44:59.146"/>
</kw>
<kw name="Wait Until Element Is Visible" library="SeleniumLibrary">
<arg>//div[@class='option-item clickable'][contains(.,'Entrar')]</arg>
<doc>Waits until the element ``locator`` is visible.</doc>
<status status="PASS" starttime="20231001 12:44:59.146" endtime="20231001 12:44:59.199"/>
</kw>
<kw name="Click Element" library="SeleniumLibrary">
<arg>//div[@class='option-item clickable'][contains(.,'Entrar')]</arg>
<doc>Click the element identified by ``locator``.</doc>
<msg timestamp="20231001 12:44:59.201" level="INFO">Clicking element '//div[@class='option-item clickable'][contains(.,'Entrar')]'.</msg>
<status status="PASS" starttime="20231001 12:44:59.200" endtime="20231001 12:44:59.293"/>
</kw>
<kw name="Wait Until Element Contains" library="SeleniumLibrary">
<arg>//p[contains(.,'Seja bem-vindo ao melhor restaurante do Brasil!')]</arg>
<arg>Seja bem-vindo ao melhor restaurante do Brasil!</arg>
<doc>Waits until the element ``locator`` contains ``text``.</doc>
<status status="PASS" starttime="20231001 12:44:59.293" endtime="20231001 12:44:59.554"/>
</kw>
<status status="PASS" starttime="20231001 12:44:57.779" endtime="20231001 12:44:59.555"/>
</kw>
<kw name="Wait Until Element Is Visible" library="SeleniumLibrary">
<arg>${BotãoCadastre-se}</arg>
<doc>Waits until the element ``locator`` is visible.</doc>
<status status="PASS" starttime="20231001 12:44:59.555" endtime="20231001 12:44:59.584"/>
</kw>
<kw name="Click Element" library="SeleniumLibrary">
<arg>${BotãoCadastre-se}</arg>
<doc>Click the element identified by ``locator``.</doc>
<msg timestamp="20231001 12:44:59.585" level="INFO">Clicking element '//span[@class='link'][contains(.,'Cadastre-se')]'.</msg>
<status status="PASS" starttime="20231001 12:44:59.584" endtime="20231001 12:44:59.664"/>
</kw>
<status status="PASS" starttime="20231001 12:44:57.778" endtime="20231001 12:44:59.665"/>
</kw>
<kw name="Quando clica no campo “Senha” para preenchimento" library="CadastroCocoBambu_PO">
<kw name="Wait Until Element Is Visible" library="SeleniumLibrary">
<arg>${ClicarCampoSenha}</arg>
<doc>Waits until the element ``locator`` is visible.</doc>
<status status="PASS" starttime="20231001 12:44:59.667" endtime="20231001 12:44:59.708"/>
</kw>
<kw name="Sleep" library="BuiltIn">
<arg>0.5</arg>
<doc>Pauses the test executed for the given time.</doc>
<msg timestamp="20231001 12:45:00.208" level="INFO">Slept 500 milliseconds</msg>
<status status="PASS" starttime="20231001 12:44:59.708" endtime="20231001 12:45:00.208"/>
</kw>
<kw name="Click Element" library="SeleniumLibrary">
<arg>${ClicarCampoSenha}</arg>
<doc>Click the element identified by ``locator``.</doc>
<msg timestamp="20231001 12:45:00.209" level="INFO">Clicking element '//form[@id='formRegisterUser']//input[@name='password']'.</msg>
<status status="PASS" starttime="20231001 12:45:00.208" endtime="20231001 12:45:00.260"/>
</kw>
<status status="PASS" starttime="20231001 12:44:59.666" endtime="20231001 12:45:00.260"/>
</kw>
<kw name="E preenche o campo fora do padrão “Senha deve conter no mínimo 6 caracteres.”" library="CadastroCocoBambu_PO">
<kw name="Input Text" library="SeleniumLibrary">
<arg>${ClicarCampoSenha}</arg>
<arg>${SenhaValidação01}</arg>
<doc>Types the given ``text`` into the text field identified by ``locator``.</doc>
<msg timestamp="20231001 12:45:00.264" level="INFO">Typing text 'aaa' into text field '//form[@id='formRegisterUser']//input[@name='password']'.</msg>
<status status="PASS" starttime="20231001 12:45:00.262" endtime="20231001 12:45:00.343"/>
</kw>
<status status="PASS" starttime="20231001 12:45:00.261" endtime="20231001 12:45:00.343"/>
</kw>
<kw name="Então o sistema apresenta a mensagem “Senha deve conter no mínimo 6 caracteres.” na tela" library="CadastroCocoBambu_PO">
<kw name="Wait Until Page Contains" library="SeleniumLibrary">
<arg>${MensagemCampoSenha02}</arg>
<doc>Waits until ``text`` appears on the current page.</doc>
<status status="PASS" starttime="20231001 12:45:00.345" endtime="20231001 12:45:00.367"/>
</kw>
<kw name="Page Should Contain" library="SeleniumLibrary">
<arg>${MensagemCampoSenha02}</arg>
<doc>Verifies that current page contains ``text``.</doc>
<msg timestamp="20231001 12:45:00.381" level="INFO">Current page contains text 'Senha deve conter no mínimo 6 caracteres.'.</msg>
<status status="PASS" starttime="20231001 12:45:00.368" endtime="20231001 12:45:00.382"/>
</kw>
<status status="PASS" starttime="20231001 12:45:00.344" endtime="20231001 12:45:00.383"/>
</kw>
<kw name="Fechar o navegador" library="Common" type="TEARDOWN">
<kw name="Set Screenshot Directory" library="SeleniumLibrary">
<arg>path=TestCase\Screenshot</arg>
<doc>Sets the directory for captured screenshots.</doc>
<status status="PASS" starttime="20231001 12:45:00.383" endtime="20231001 12:45:00.384"/>
</kw>
<kw name="Capture Page Screenshot" library="SeleniumLibrary">
<doc>Takes a screenshot of the current page and embeds it into a log file.</doc>
<msg timestamp="20231001 12:45:00.511" level="INFO" html="true">&lt;/td&gt;&lt;/tr&gt;&lt;tr&gt;&lt;td colspan="3"&gt;&lt;a href="TestCaseScreenshot/selenium-screenshot-8.png"&gt;&lt;img src="TestCaseScreenshot/selenium-screenshot-8.png" width="800px"&gt;&lt;/a&gt;</msg>
<status status="PASS" starttime="20231001 12:45:00.384" endtime="20231001 12:45:00.513"/>
</kw>
<kw name="Close Browser" library="SeleniumLibrary">
<doc>Closes the current browser.</doc>
<status status="PASS" starttime="20231001 12:45:00.513" endtime="20231001 12:45:02.729"/>
</kw>
<status status="PASS" starttime="20231001 12:45:00.383" endtime="20231001 12:45:02.729"/>
</kw>
<tag>cadastro</tag>
<status status="PASS" starttime="20231001 12:44:54.128" endtime="20231001 12:45:02.730"/>
</test>
<test id="s1-s1-t8" name="STEP 003: Validar padrão de senha no campo “Senha - Sua senha deve conter no mínimo 1 caractere maiúsculo.”:" line="88">
<kw name="Abrir o navegador" library="Common" type="SETUP">
<kw name="Open Browser" library="SeleniumLibrary">
<arg>${SiteCocoBambu}</arg>
<arg>${browser}</arg>
<doc>Opens a new browser instance to the optional ``url``.</doc>
<msg timestamp="20231001 12:45:02.734" level="INFO">Opening browser 'chrome' to base url 'https://app.cocobambu.com/delivery'.</msg>
<status status="PASS" starttime="20231001 12:45:02.733" endtime="20231001 12:45:06.421"/>
</kw>
<kw name="Maximize Browser Window" library="SeleniumLibrary">
<doc>Maximizes current browser window.</doc>
<status status="PASS" starttime="20231001 12:45:06.423" endtime="20231001 12:45:06.541"/>
</kw>
<status status="PASS" starttime="20231001 12:45:02.733" endtime="20231001 12:45:06.541"/>
</kw>
<kw name="Dado que o usuário está na tela de cadastro do site" library="CadastroCocoBambu_PO">
<kw name="Tela de login do site" library="Common">
<kw name="Go To" library="SeleniumLibrary">
<arg>${SiteCocoBambu}</arg>
<doc>Navigates the current browser window to the provided ``url``.</doc>
<msg timestamp="20231001 12:45:06.543" level="INFO">Opening url 'https://app.cocobambu.com/delivery'</msg>
<status status="PASS" starttime="20231001 12:45:06.543" endtime="20231001 12:45:07.752"/>
</kw>
<kw name="Wait Until Element Is Visible" library="SeleniumLibrary">
<arg>//div[@class='ng-tns-c101-0 nav-button ng-star-inserted'][contains(.,'Perfil')]</arg>
<doc>Waits until the element ``locator`` is visible.</doc>
<status status="PASS" starttime="20231001 12:45:07.753" endtime="20231001 12:45:07.785"/>
</kw>
<kw name="Click Element" library="SeleniumLibrary">
<arg>//div[@class='ng-tns-c101-0 nav-button ng-star-inserted'][contains(.,'Perfil')]</arg>
<doc>Click the element identified by ``locator``.</doc>
<msg timestamp="20231001 12:45:07.787" level="INFO">Clicking element '//div[@class='ng-tns-c101-0 nav-button ng-star-inserted'][contains(.,'Perfil')]'.</msg>
<status status="PASS" starttime="20231001 12:45:07.785" endtime="20231001 12:45:07.859"/>
</kw>
<kw name="Wait Until Element Is Visible" library="SeleniumLibrary">
<arg>//div[@class='option-item clickable'][contains(.,'Entrar')]</arg>
<doc>Waits until the element ``locator`` is visible.</doc>
<status status="PASS" starttime="20231001 12:45:07.860" endtime="20231001 12:45:07.905"/>
</kw>
<kw name="Click Element" library="SeleniumLibrary">
<arg>//div[@class='option-item clickable'][contains(.,'Entrar')]</arg>
<doc>Click the element identified by ``locator``.</doc>
<msg timestamp="20231001 12:45:07.906" level="INFO">Clicking element '//div[@class='option-item clickable'][contains(.,'Entrar')]'.</msg>
<status status="PASS" starttime="20231001 12:45:07.905" endtime="20231001 12:45:07.985"/>
</kw>
<kw name="Wait Until Element Contains" library="SeleniumLibrary">
<arg>//p[contains(.,'Seja bem-vindo ao melhor restaurante do Brasil!')]</arg>
<arg>Seja bem-vindo ao melhor restaurante do Brasil!</arg>
<doc>Waits until the element ``locator`` contains ``text``.</doc>
<status status="PASS" starttime="20231001 12:45:07.986" endtime="20231001 12:45:08.237"/>
</kw>
<status status="PASS" starttime="20231001 12:45:06.542" endtime="20231001 12:45:08.237"/>
</kw>
<kw name="Wait Until Element Is Visible" library="SeleniumLibrary">
<arg>${BotãoCadastre-se}</arg>
<doc>Waits until the element ``locator`` is visible.</doc>
<status status="PASS" starttime="20231001 12:45:08.237" endtime="20231001 12:45:08.261"/>
</kw>
<kw name="Click Element" library="SeleniumLibrary">
<arg>${BotãoCadastre-se}</arg>
<doc>Click the element identified by ``locator``.</doc>
<msg timestamp="20231001 12:45:08.261" level="INFO">Clicking element '//span[@class='link'][contains(.,'Cadastre-se')]'.</msg>
<status status="PASS" starttime="20231001 12:45:08.261" endtime="20231001 12:45:08.314"/>
</kw>
<status status="PASS" starttime="20231001 12:45:06.542" endtime="20231001 12:45:08.314"/>
</kw>
<kw name="Quando clica no campo “Senha” para preenchimento" library="CadastroCocoBambu_PO">
<kw name="Wait Until Element Is Visible" library="SeleniumLibrary">
<arg>${ClicarCampoSenha}</arg>
<doc>Waits until the element ``locator`` is visible.</doc>
<status status="PASS" starttime="20231001 12:45:08.315" endtime="20231001 12:45:08.385"/>
</kw>
<kw name="Sleep" library="BuiltIn">
<arg>0.5</arg>
<doc>Pauses the test executed for the given time.</doc>
<msg timestamp="20231001 12:45:08.887" level="INFO">Slept 500 milliseconds</msg>
<status status="PASS" starttime="20231001 12:45:08.386" endtime="20231001 12:45:08.887"/>
</kw>
<kw name="Click Element" library="SeleniumLibrary">
<arg>${ClicarCampoSenha}</arg>
<doc>Click the element identified by ``locator``.</doc>
<msg timestamp="20231001 12:45:08.893" level="INFO">Clicking element '//form[@id='formRegisterUser']//input[@name='password']'.</msg>
<status status="PASS" starttime="20231001 12:45:08.887" endtime="20231001 12:45:08.963"/>
</kw>
<status status="PASS" starttime="20231001 12:45:08.315" endtime="20231001 12:45:08.965"/>
</kw>
<kw name="E preenche o campo fora do padrão “Sua senha deve conter no mínimo 1 caractere maiúsculo.”" library="CadastroCocoBambu_PO">
<kw name="Input Text" library="SeleniumLibrary">
<arg>${ClicarCampoSenha}</arg>
<arg>${SenhaValidação02}</arg>
<doc>Types the given ``text`` into the text field identified by ``locator``.</doc>
<msg timestamp="20231001 12:45:08.967" level="INFO">Typing text 'aaa123' into text field '//form[@id='formRegisterUser']//input[@name='password']'.</msg>
<status status="PASS" starttime="20231001 12:45:08.966" endtime="20231001 12:45:09.053"/>
</kw>
<status status="PASS" starttime="20231001 12:45:08.966" endtime="20231001 12:45:09.055"/>
</kw>
<kw name="Então o sistema apresenta a mensagem “Sua senha deve conter no mínimo 1 caractere maiúsculo.” na tela" library="CadastroCocoBambu_PO">
<kw name="Wait Until Page Contains" library="SeleniumLibrary">
<arg>${MensagemCampoSenha03}</arg>
<doc>Waits until ``text`` appears on the current page.</doc>
<status status="PASS" starttime="20231001 12:45:09.056" endtime="20231001 12:45:09.074"/>
</kw>
<kw name="Page Should Contain" library="SeleniumLibrary">
<arg>${MensagemCampoSenha03}</arg>
<doc>Verifies that current page contains ``text``.</doc>
<msg timestamp="20231001 12:45:09.089" level="INFO">Current page contains text 'Sua senha deve conter no mínimo 1 caractere maiúsculo.'.</msg>
<status status="PASS" starttime="20231001 12:45:09.075" endtime="20231001 12:45:09.089"/>
</kw>
<status status="PASS" starttime="20231001 12:45:09.055" endtime="20231001 12:45:09.089"/>
</kw>
<kw name="Fechar o navegador" library="Common" type="TEARDOWN">
<kw name="Set Screenshot Directory" library="SeleniumLibrary">
<arg>path=TestCase\Screenshot</arg>
<doc>Sets the directory for captured screenshots.</doc>
<status status="PASS" starttime="20231001 12:45:09.090" endtime="20231001 12:45:09.092"/>
</kw>
<kw name="Capture Page Screenshot" library="SeleniumLibrary">
<doc>Takes a screenshot of the current page and embeds it into a log file.</doc>
<msg timestamp="20231001 12:45:09.198" level="INFO" html="true">&lt;/td&gt;&lt;/tr&gt;&lt;tr&gt;&lt;td colspan="3"&gt;&lt;a href="TestCaseScreenshot/selenium-screenshot-9.png"&gt;&lt;img src="TestCaseScreenshot/selenium-screenshot-9.png" width="800px"&gt;&lt;/a&gt;</msg>
<status status="PASS" starttime="20231001 12:45:09.092" endtime="20231001 12:45:09.198"/>
</kw>
<kw name="Close Browser" library="SeleniumLibrary">
<doc>Closes the current browser.</doc>
<status status="PASS" starttime="20231001 12:45:09.199" endtime="20231001 12:45:11.409"/>
</kw>
<status status="PASS" starttime="20231001 12:45:09.090" endtime="20231001 12:45:11.409"/>
</kw>
<tag>cadastro</tag>
<status status="PASS" starttime="20231001 12:45:02.731" endtime="20231001 12:45:11.410"/>
</test>
<test id="s1-s1-t9" name="STEP 004: Validar padrão de senha no campo “Senha - Sua senha deve conter no mínimo 1 caractere especial.”:" line="96">
<kw name="Abrir o navegador" library="Common" type="SETUP">
<kw name="Open Browser" library="SeleniumLibrary">
<arg>${SiteCocoBambu}</arg>
<arg>${browser}</arg>
<doc>Opens a new browser instance to the optional ``url``.</doc>
<msg timestamp="20231001 12:45:11.413" level="INFO">Opening browser 'chrome' to base url 'https://app.cocobambu.com/delivery'.</msg>
<status status="PASS" starttime="20231001 12:45:11.413" endtime="20231001 12:45:15.307"/>
</kw>
<kw name="Maximize Browser Window" library="SeleniumLibrary">
<doc>Maximizes current browser window.</doc>
<status status="PASS" starttime="20231001 12:45:15.308" endtime="20231001 12:45:15.438"/>
</kw>
<status status="PASS" starttime="20231001 12:45:11.412" endtime="20231001 12:45:15.440"/>
</kw>
<kw name="Dado que o usuário está na tela de cadastro do site" library="CadastroCocoBambu_PO">
<kw name="Tela de login do site" library="Common">
<kw name="Go To" library="SeleniumLibrary">
<arg>${SiteCocoBambu}</arg>
<doc>Navigates the current browser window to the provided ``url``.</doc>
<msg timestamp="20231001 12:45:15.445" level="INFO">Opening url 'https://app.cocobambu.com/delivery'</msg>
<status status="PASS" starttime="20231001 12:45:15.444" endtime="20231001 12:45:19.307"/>
</kw>
<kw name="Wait Until Element Is Visible" library="SeleniumLibrary">
<arg>//div[@class='ng-tns-c101-0 nav-button ng-star-inserted'][contains(.,'Perfil')]</arg>
<doc>Waits until the element ``locator`` is visible.</doc>
<status status="PASS" starttime="20231001 12:45:19.307" endtime="20231001 12:45:19.351"/>
</kw>
<kw name="Click Element" library="SeleniumLibrary">
<arg>//div[@class='ng-tns-c101-0 nav-button ng-star-inserted'][contains(.,'Perfil')]</arg>
<doc>Click the element identified by ``locator``.</doc>
<msg timestamp="20231001 12:45:19.352" level="INFO">Clicking element '//div[@class='ng-tns-c101-0 nav-button ng-star-inserted'][contains(.,'Perfil')]'.</msg>
<status status="PASS" starttime="20231001 12:45:19.351" endtime="20231001 12:45:19.418"/>
</kw>
<kw name="Wait Until Element Is Visible" library="SeleniumLibrary">
<arg>//div[@class='option-item clickable'][contains(.,'Entrar')]</arg>
<doc>Waits until the element ``locator`` is visible.</doc>
<status status="PASS" starttime="20231001 12:45:19.418" endtime="20231001 12:45:19.443"/>
</kw>
<kw name="Click Element" library="SeleniumLibrary">
<arg>//div[@class='option-item clickable'][contains(.,'Entrar')]</arg>
<doc>Click the element identified by ``locator``.</doc>
<msg timestamp="20231001 12:45:19.443" level="INFO">Clicking element '//div[@class='option-item clickable'][contains(.,'Entrar')]'.</msg>
<status status="PASS" starttime="20231001 12:45:19.443" endtime="20231001 12:45:19.534"/>
</kw>
<kw name="Wait Until Element Contains" library="SeleniumLibrary">
<arg>//p[contains(.,'Seja bem-vindo ao melhor restaurante do Brasil!')]</arg>
<arg>Seja bem-vindo ao melhor restaurante do Brasil!</arg>
<doc>Waits until the element ``locator`` contains ``text``.</doc>
<status status="PASS" starttime="20231001 12:45:19.535" endtime="20231001 12:45:19.789"/>
</kw>
<status status="PASS" starttime="20231001 12:45:15.443" endtime="20231001 12:45:19.789"/>
</kw>
<kw name="Wait Until Element Is Visible" library="SeleniumLibrary">
<arg>${BotãoCadastre-se}</arg>
<doc>Waits until the element ``locator`` is visible.</doc>
<status status="PASS" starttime="20231001 12:45:19.789" endtime="20231001 12:45:19.820"/>
</kw>
<kw name="Click Element" library="SeleniumLibrary">
<arg>${BotãoCadastre-se}</arg>
<doc>Click the element identified by ``locator``.</doc>
<msg timestamp="20231001 12:45:19.821" level="INFO">Clicking element '//span[@class='link'][contains(.,'Cadastre-se')]'.</msg>
<status status="PASS" starttime="20231001 12:45:19.821" endtime="20231001 12:45:19.899"/>
</kw>
<status status="PASS" starttime="20231001 12:45:15.441" endtime="20231001 12:45:19.900"/>
</kw>
<kw name="Quando clica no campo “Senha” para preenchimento" library="CadastroCocoBambu_PO">
<kw name="Wait Until Element Is Visible" library="SeleniumLibrary">
<arg>${ClicarCampoSenha}</arg>
<doc>Waits until the element ``locator`` is visible.</doc>
<status status="PASS" starttime="20231001 12:45:19.902" endtime="20231001 12:45:19.933"/>
</kw>
<kw name="Sleep" library="BuiltIn">
<arg>0.5</arg>
<doc>Pauses the test executed for the given time.</doc>
<msg timestamp="20231001 12:45:20.434" level="INFO">Slept 500 milliseconds</msg>
<status status="PASS" starttime="20231001 12:45:19.934" endtime="20231001 12:45:20.434"/>
</kw>
<kw name="Click Element" library="SeleniumLibrary">
<arg>${ClicarCampoSenha}</arg>
<doc>Click the element identified by ``locator``.</doc>
<msg timestamp="20231001 12:45:20.435" level="INFO">Clicking element '//form[@id='formRegisterUser']//input[@name='password']'.</msg>
<status status="PASS" starttime="20231001 12:45:20.434" endtime="20231001 12:45:20.489"/>
</kw>
<status status="PASS" starttime="20231001 12:45:19.901" endtime="20231001 12:45:20.489"/>
</kw>
<kw name="E preenche o campo fora do padrão “Sua senha deve conter no mínimo 1 caractere especial.”" library="CadastroCocoBambu_PO">
<kw name="Input Text" library="SeleniumLibrary">
<arg>${ClicarCampoSenha}</arg>
<arg>${SenhaValidação03}</arg>
<doc>Types the given ``text`` into the text field identified by ``locator``.</doc>
<msg timestamp="20231001 12:45:20.491" level="INFO">Typing text 'Aaa123' into text field '//form[@id='formRegisterUser']//input[@name='password']'.</msg>
<status status="PASS" starttime="20231001 12:45:20.490" endtime="20231001 12:45:20.586"/>
</kw>
[...]
<doc>Takes a screenshot of the current page and embeds it into a log file.</doc>
<msg timestamp="20231001 12:47:38.993" level="INFO" html="true">&lt;/td&gt;&lt;/tr&gt;&lt;tr&gt;&lt;td colspan="3"&gt;&lt;a href="TestCaseScreenshot/selenium-screenshot-21.png"&gt;&lt;img src="TestCaseScreenshot/selenium-screenshot-21.png" width="800px"&gt;&lt;/a&gt;</msg>
<status status="PASS" starttime="20231001 12:47:38.861" endtime="20231001 12:47:38.993"/>
</kw>
<kw name="Close Browser" library="SeleniumLibrary">
<doc>Closes the current browser.</doc>
<status status="PASS" starttime="20231001 12:47:38.993" endtime="20231001 12:47:41.224"/>
</kw>
<status status="PASS" starttime="20231001 12:47:38.859" endtime="20231001 12:47:41.224"/>
</kw>
<tag>login</tag>
<status status="PASS" starttime="20231001 12:47:29.281" endtime="20231001 12:47:41.224"/>
</test>
<status status="PASS" starttime="20231001 12:46:41.446" endtime="20231001 12:47:41.227"/>
</suite>
<suite id="s1-s3" name="RecuperarSenhaCocoBambu Test" source="c:\Users\lanao\Desktop\Desafio Teste Coco Bambu\Teste Automatizado - COCO BAMBU\tests\RecuperarSenhaCocoBambu_Test.robot">
<test id="s1-s3-t1" name="CT 001: Recuperar senha:" line="18">
<kw name="Abrir o navegador" library="Common" type="SETUP">
<kw name="Open Browser" library="SeleniumLibrary">
<arg>${SiteCocoBambu}</arg>
<arg>${browser}</arg>
<doc>Opens a new browser instance to the optional ``url``.</doc>
<msg timestamp="20231001 12:47:41.253" level="INFO">Opening browser 'chrome' to base url 'https://app.cocobambu.com/delivery'.</msg>
<status status="PASS" starttime="20231001 12:47:41.252" endtime="20231001 12:47:44.363"/>
</kw>
<kw name="Maximize Browser Window" library="SeleniumLibrary">
<doc>Maximizes current browser window.</doc>
<status status="PASS" starttime="20231001 12:47:44.363" endtime="20231001 12:47:44.501"/>
</kw>
<status status="PASS" starttime="20231001 12:47:41.252" endtime="20231001 12:47:44.501"/>
</kw>
<kw name="Dado que o usuário está na tela de recuperar senha do site" library="RecuperarSenhaCocoBambu_PO">
<kw name="Tela de login do site" library="Common">
<kw name="Go To" library="SeleniumLibrary">
<arg>${SiteCocoBambu}</arg>
<doc>Navigates the current browser window to the provided ``url``.</doc>
<msg timestamp="20231001 12:47:44.503" level="INFO">Opening url 'https://app.cocobambu.com/delivery'</msg>
<status status="PASS" starttime="20231001 12:47:44.502" endtime="20231001 12:47:45.163"/>
</kw>
<kw name="Wait Until Element Is Visible" library="SeleniumLibrary">
<arg>//div[@class='ng-tns-c101-0 nav-button ng-star-inserted'][contains(.,'Perfil')]</arg>
<doc>Waits until the element ``locator`` is visible.</doc>
<status status="PASS" starttime="20231001 12:47:45.163" endtime="20231001 12:47:45.199"/>
</kw>
<kw name="Click Element" library="SeleniumLibrary">
<arg>//div[@class='ng-tns-c101-0 nav-button ng-star-inserted'][contains(.,'Perfil')]</arg>
<doc>Click the element identified by ``locator``.</doc>
<msg timestamp="20231001 12:47:45.200" level="INFO">Clicking element '//div[@class='ng-tns-c101-0 nav-button ng-star-inserted'][contains(.,'Perfil')]'.</msg>
<status status="PASS" starttime="20231001 12:47:45.200" endtime="20231001 12:47:45.283"/>
</kw>
<kw name="Wait Until Element Is Visible" library="SeleniumLibrary">
<arg>//div[@class='option-item clickable'][contains(.,'Entrar')]</arg>
<doc>Waits until the element ``locator`` is visible.</doc>
<status status="PASS" starttime="20231001 12:47:45.283" endtime="20231001 12:47:45.332"/>
</kw>
<kw name="Click Element" library="SeleniumLibrary">
<arg>//div[@class='option-item clickable'][contains(.,'Entrar')]</arg>
<doc>Click the element identified by ``locator``.</doc>
<msg timestamp="20231001 12:47:45.333" level="INFO">Clicking element '//div[@class='option-item clickable'][contains(.,'Entrar')]'.</msg>
<status status="PASS" starttime="20231001 12:47:45.332" endtime="20231001 12:47:45.434"/>
</kw>
<kw name="Wait Until Element Contains" library="SeleniumLibrary">
<arg>//p[contains(.,'Seja bem-vindo ao melhor restaurante do Brasil!')]</arg>
<arg>Seja bem-vindo ao melhor restaurante do Brasil!</arg>
<doc>Waits until the element ``locator`` contains ``text``.</doc>
<status status="PASS" starttime="20231001 12:47:45.434" endtime="20231001 12:47:45.516"/>
</kw>
<status status="PASS" starttime="20231001 12:47:44.502" endtime="20231001 12:47:45.516"/>
</kw>
<kw name="Wait Until Element Is Visible" library="SeleniumLibrary">
<arg>${BotãoResetar}</arg>
<doc>Waits until the element ``locator`` is visible.</doc>
<status status="PASS" starttime="20231001 12:47:45.517" endtime="20231001 12:47:45.553"/>
</kw>
<kw name="Click Element" library="SeleniumLibrary">
<arg>${BotãoResetar}</arg>
<doc>Click the element identified by ``locator``.</doc>
<msg timestamp="20231001 12:47:45.554" level="INFO">Clicking element '//span[@class='link'][contains(.,'Resetar senha')]'.</msg>
<status status="PASS" starttime="20231001 12:47:45.554" endtime="20231001 12:47:45.755"/>
</kw>
<status status="PASS" starttime="20231001 12:47:44.502" endtime="20231001 12:47:45.756"/>
</kw>
<kw name="Quando preenche o campo “E-mail” com um e-mail já cadastrado" library="RecuperarSenhaCocoBambu_PO">
<kw name="Wait Until Element Is Visible" library="SeleniumLibrary">
<arg>${CampoRecuperarEmail}</arg>
<doc>Waits until the element ``locator`` is visible.</doc>
<status status="PASS" starttime="20231001 12:47:45.761" endtime="20231001 12:47:46.014"/>
</kw>
<kw name="Input Text" library="SeleniumLibrary">
<arg>${CampoRecuperarEmail}</arg>
<arg>${EmailRecuerarSenha}</arg>
<doc>Types the given ``text`` into the text field identified by ``locator``.</doc>
<msg timestamp="20231001 12:47:46.015" level="INFO">Typing text 'luzia123456@gmail.com' into text field '//input[contains(@type,'email')]'.</msg>
<status status="PASS" starttime="20231001 12:47:46.014" endtime="20231001 12:47:46.130"/>
</kw>
<status status="PASS" starttime="20231001 12:47:45.758" endtime="20231001 12:47:46.130"/>
</kw>
<kw name="E clica no botão “RECUPERAR”" library="RecuperarSenhaCocoBambu_PO">
<kw name="Click Element" library="SeleniumLibrary">
<arg>${BotãoRecuperar}</arg>
<doc>Click the element identified by ``locator``.</doc>
<msg timestamp="20231001 12:47:46.132" level="INFO">Clicking element '//span[contains(.,'Recuperar')]'.</msg>
<status status="PASS" starttime="20231001 12:47:46.131" endtime="20231001 12:47:46.249"/>
</kw>
<status status="PASS" starttime="20231001 12:47:46.131" endtime="20231001 12:47:46.249"/>
</kw>
<kw name="Então o sistema apresenta em tela a mensagem “Nós te enviamos por e-mail as instruções para redefinição de sua senha, se existir uma conta com o e-mail que você forneceu. Você receberá a mensagem em breve.”, confirmando a ação" library="RecuperarSenhaCocoBambu_PO">
<kw name="Wait Until Page Contains" library="SeleniumLibrary">
<arg>${MensagemRecuperarSenha}</arg>
<doc>Waits until ``text`` appears on the current page.</doc>
<status status="PASS" starttime="20231001 12:47:46.250" endtime="20231001 12:47:46.265"/>
</kw>
<kw name="Page Should Contain" library="SeleniumLibrary">
<arg>${MensagemRecuperarSenha}</arg>
<doc>Verifies that current page contains ``text``.</doc>
<msg timestamp="20231001 12:47:46.278" level="INFO">Current page contains text 'Nós te enviamos por e-mail as instruções para redefinição de sua senha, se existir uma conta com o e-mail que você forneceu. Você receberá a mensagem em breve.'.</msg>
<status status="PASS" starttime="20231001 12:47:46.265" endtime="20231001 12:47:46.279"/>
</kw>
<status status="PASS" starttime="20231001 12:47:46.250" endtime="20231001 12:47:46.279"/>
</kw>
<kw name="Fechar o navegador" library="Common" type="TEARDOWN">
<kw name="Set Screenshot Directory" library="SeleniumLibrary">
<arg>path=TestCase\Screenshot</arg>
<doc>Sets the directory for captured screenshots.</doc>
<status status="PASS" starttime="20231001 12:47:46.280" endtime="20231001 12:47:46.282"/>
</kw>
<kw name="Capture Page Screenshot" library="SeleniumLibrary">
<doc>Takes a screenshot of the current page and embeds it into a log file.</doc>
<msg timestamp="20231001 12:47:46.426" level="INFO" html="true">&lt;/td&gt;&lt;/tr&gt;&lt;tr&gt;&lt;td colspan="3"&gt;&lt;a href="TestCaseScreenshot/selenium-screenshot-22.png"&gt;&lt;img src="TestCaseScreenshot/selenium-screenshot-22.png" width="800px"&gt;&lt;/a&gt;</msg>
<status status="PASS" starttime="20231001 12:47:46.282" endtime="20231001 12:47:46.427"/>
</kw>
<kw name="Close Browser" library="SeleniumLibrary">
<doc>Closes the current browser.</doc>
<status status="PASS" starttime="20231001 12:47:46.427" endtime="20231001 12:47:48.618"/>
</kw>
<status status="PASS" starttime="20231001 12:47:46.279" endtime="20231001 12:47:48.618"/>
</kw>
<tag>resetar</tag>
<status status="PASS" starttime="20231001 12:47:41.251" endtime="20231001 12:47:48.618"/>
</test>
<test id="s1-s3-t2" name="CT 002: Cancelar recuperação de senha:" line="26">
<kw name="Abrir o navegador" library="Common" type="SETUP">
<kw name="Open Browser" library="SeleniumLibrary">
<arg>${SiteCocoBambu}</arg>
<arg>${browser}</arg>
<doc>Opens a new browser instance to the optional ``url``.</doc>
<msg timestamp="20231001 12:47:48.621" level="INFO">Opening browser 'chrome' to base url 'https://app.cocobambu.com/delivery'.</msg>
<status status="PASS" starttime="20231001 12:47:48.620" endtime="20231001 12:47:52.000"/>
</kw>
<kw name="Maximize Browser Window" library="SeleniumLibrary">
<doc>Maximizes current browser window.</doc>
<status status="PASS" starttime="20231001 12:47:52.000" endtime="20231001 12:47:52.151"/>
</kw>
<status status="PASS" starttime="20231001 12:47:48.620" endtime="20231001 12:47:52.151"/>
</kw>
<kw name="Dado que o usuário está na tela de recuperar senha do site" library="RecuperarSenhaCocoBambu_PO">
<kw name="Tela de login do site" library="Common">
<kw name="Go To" library="SeleniumLibrary">
<arg>${SiteCocoBambu}</arg>
<doc>Navigates the current browser window to the provided ``url``.</doc>
<msg timestamp="20231001 12:47:52.153" level="INFO">Opening url 'https://app.cocobambu.com/delivery'</msg>
<status status="PASS" starttime="20231001 12:47:52.153" endtime="20231001 12:47:52.785"/>
</kw>
<kw name="Wait Until Element Is Visible" library="SeleniumLibrary">
<arg>//div[@class='ng-tns-c101-0 nav-button ng-star-inserted'][contains(.,'Perfil')]</arg>
<doc>Waits until the element ``locator`` is visible.</doc>
<status status="PASS" starttime="20231001 12:47:52.785" endtime="20231001 12:47:52.813"/>
</kw>
<kw name="Click Element" library="SeleniumLibrary">
<arg>//div[@class='ng-tns-c101-0 nav-button ng-star-inserted'][contains(.,'Perfil')]</arg>
<doc>Click the element identified by ``locator``.</doc>
<msg timestamp="20231001 12:47:52.814" level="INFO">Clicking element '//div[@class='ng-tns-c101-0 nav-button ng-star-inserted'][contains(.,'Perfil')]'.</msg>
<status status="PASS" starttime="20231001 12:47:52.813" endtime="20231001 12:47:52.877"/>
</kw>
<kw name="Wait Until Element Is Visible" library="SeleniumLibrary">
<arg>//div[@class='option-item clickable'][contains(.,'Entrar')]</arg>
<doc>Waits until the element ``locator`` is visible.</doc>
<status status="PASS" starttime="20231001 12:47:52.877" endtime="20231001 12:47:52.903"/>
</kw>
<kw name="Click Element" library="SeleniumLibrary">
<arg>//div[@class='option-item clickable'][contains(.,'Entrar')]</arg>
<doc>Click the element identified by ``locator``.</doc>
<msg timestamp="20231001 12:47:52.904" level="INFO">Clicking element '//div[@class='option-item clickable'][contains(.,'Entrar')]'.</msg>
<status status="PASS" starttime="20231001 12:47:52.903" endtime="20231001 12:47:52.994"/>
</kw>
<kw name="Wait Until Element Contains" library="SeleniumLibrary">
<arg>//p[contains(.,'Seja bem-vindo ao melhor restaurante do Brasil!')]</arg>
<arg>Seja bem-vindo ao melhor restaurante do Brasil!</arg>
<doc>Waits until the element ``locator`` contains ``text``.</doc>
<status status="PASS" starttime="20231001 12:47:52.995" endtime="20231001 12:47:53.284"/>
</kw>
<status status="PASS" starttime="20231001 12:47:52.152" endtime="20231001 12:47:53.284"/>
</kw>
<kw name="Wait Until Element Is Visible" library="SeleniumLibrary">
<arg>${BotãoResetar}</arg>
<doc>Waits until the element ``locator`` is visible.</doc>
<status status="PASS" starttime="20231001 12:47:53.284" endtime="20231001 12:47:53.309"/>
</kw>
<kw name="Click Element" library="SeleniumLibrary">
<arg>${BotãoResetar}</arg>
<doc>Click the element identified by ``locator``.</doc>
<msg timestamp="20231001 12:47:53.310" level="INFO">Clicking element '//span[@class='link'][contains(.,'Resetar senha')]'.</msg>
<status status="PASS" starttime="20231001 12:47:53.310" endtime="20231001 12:47:53.356"/>
</kw>
<status status="PASS" starttime="20231001 12:47:52.152" endtime="20231001 12:47:53.356"/>
</kw>
<kw name="Quando preenche o campo “E-mail” com um e-mail já cadastrado" library="RecuperarSenhaCocoBambu_PO">
<kw name="Wait Until Element Is Visible" library="SeleniumLibrary">
<arg>${CampoRecuperarEmail}</arg>
<doc>Waits until the element ``locator`` is visible.</doc>
<status status="PASS" starttime="20231001 12:47:53.358" endtime="20231001 12:47:53.613"/>
</kw>
<kw name="Input Text" library="SeleniumLibrary">
<arg>${CampoRecuperarEmail}</arg>
<arg>${EmailRecuerarSenha}</arg>
<doc>Types the given ``text`` into the text field identified by ``locator``.</doc>
<msg timestamp="20231001 12:47:53.614" level="INFO">Typing text 'luzia123456@gmail.com' into text field '//input[contains(@type,'email')]'.</msg>
<status status="PASS" starttime="20231001 12:47:53.613" endtime="20231001 12:47:53.738"/>
</kw>
<status status="PASS" starttime="20231001 12:47:53.357" endtime="20231001 12:47:53.738"/>
</kw>
<kw name="E clica no botão “CANCELAR”" library="RecuperarSenhaCocoBambu_PO">
<kw name="Click Element" library="SeleniumLibrary">
<arg>${BotãoCancelar}</arg>
<doc>Click the element identified by ``locator``.</doc>
<msg timestamp="20231001 12:47:53.739" level="INFO">Clicking element '//span[contains(.,'Cancelar')]'.</msg>
<status status="PASS" starttime="20231001 12:47:53.738" endtime="20231001 12:47:53.796"/>
</kw>
<status status="PASS" starttime="20231001 12:47:53.738" endtime="20231001 12:47:53.797"/>
</kw>
<kw name="Então o sistema cancela a ação retornando a tela de login" library="RecuperarSenhaCocoBambu_PO">
<kw name="Wait Until Page Contains" library="SeleniumLibrary">
<arg>${MensagemTelaLogin}</arg>
<doc>Waits until ``text`` appears on the current page.</doc>
<status status="PASS" starttime="20231001 12:47:53.798" endtime="20231001 12:47:53.815"/>
</kw>
<kw name="Page Should Contain" library="SeleniumLibrary">
<arg>${MensagemTelaLogin}</arg>
<doc>Verifies that current page contains ``text``.</doc>
<msg timestamp="20231001 12:47:53.829" level="INFO">Current page contains text 'Seja bem-vindo ao melhor restaurante do Brasil!'.</msg>
<status status="PASS" starttime="20231001 12:47:53.816" endtime="20231001 12:47:53.830"/>
</kw>
<status status="PASS" starttime="20231001 12:47:53.797" endtime="20231001 12:47:53.830"/>
</kw>
<kw name="Fechar o navegador" library="Common" type="TEARDOWN">
<kw name="Set Screenshot Directory" library="SeleniumLibrary">
<arg>path=TestCase\Screenshot</arg>
<doc>Sets the directory for captured screenshots.</doc>
<status status="PASS" starttime="20231001 12:47:53.832" endtime="20231001 12:47:53.833"/>
</kw>
<kw name="Capture Page Screenshot" library="SeleniumLibrary">
<doc>Takes a screenshot of the current page and embeds it into a log file.</doc>
<msg timestamp="20231001 12:47:53.961" level="INFO" html="true">&lt;/td&gt;&lt;/tr&gt;&lt;tr&gt;&lt;td colspan="3"&gt;&lt;a href="TestCaseScreenshot/selenium-screenshot-23.png"&gt;&lt;img src="TestCaseScreenshot/selenium-screenshot-23.png" width="800px"&gt;&lt;/a&gt;</msg>
<status status="PASS" starttime="20231001 12:47:53.833" endtime="20231001 12:47:53.963"/>
</kw>
<kw name="Close Browser" library="SeleniumLibrary">
<doc>Closes the current browser.</doc>
<status status="PASS" starttime="20231001 12:47:53.963" endtime="20231001 12:47:56.191"/>
</kw>
<status status="PASS" starttime="20231001 12:47:53.830" endtime="20231001 12:47:56.191"/>
</kw>
<tag>resetar</tag>
<status status="PASS" starttime="20231001 12:47:48.619" endtime="20231001 12:47:56.192"/>
</test>
<status status="PASS" starttime="20231001 12:47:41.230" endtime="20231001 12:47:56.194"/>
</suite>
<status status="PASS" starttime="20231001 12:43:38.738" endtime="20231001 12:47:56.198"/>
</suite>
<statistics>
<total>
<stat pass="22" fail="0" skip="0">All Tests</stat>
</total>
<tag>
<stat pass="15" fail="0" skip="0">cadastro</stat>
<stat pass="5" fail="0" skip="0">login</stat>
<stat pass="2" fail="0" skip="0">resetar</stat>
</tag>
<suite>
<stat pass="22" fail="0" skip="0" id="s1" name="Tests">Tests</stat>
<stat pass="14" fail="0" skip="0" id="s1-s1" name="CadastroCocoBambu Test">Tests.CadastroCocoBambu Test</stat>
<stat pass="6" fail="0" skip="0" id="s1-s2" name="LoginCocoBambu Test">Tests.LoginCocoBambu Test</stat>
<stat pass="2" fail="0" skip="0" id="s1-s3" name="RecuperarSenhaCocoBambu Test">Tests.RecuperarSenhaCocoBambu Test</stat>
</suite>
</statistics>
<errors>
<msg timestamp="20231001 12:43:38.784" level="ERROR">Error in file 'c:\Users\lanao\Desktop\Desafio Teste Coco Bambu\Teste Automatizado - COCO BAMBU\tests\CadastroCocoBambu_Test.robot' on line 10: Setting 'Test Setup' is not allowed in resource file.</msg>
<msg timestamp="20231001 12:43:38.786" level="ERROR">Error in file 'c:\Users\lanao\Desktop\Desafio Teste Coco Bambu\Teste Automatizado - COCO BAMBU\tests\CadastroCocoBambu_Test.robot' on line 11: Setting 'Test Teardown' is not allowed in resource file.</msg>
<msg timestamp="20231001 12:43:38.788" level="ERROR">Error in file 'c:\Users\lanao\Desktop\Desafio Teste Coco Bambu\Teste Automatizado - COCO BAMBU\resources\CadastroCocoBambu_PO.robot' on line 2: Error in file 'c:\Users\lanao\Desktop\Desafio Teste Coco Bambu\Teste Automatizado - COCO BAMBU\tests\CadastroCocoBambu_Test.robot' on line 19: Resource file with 'Test Cases' section is invalid.</msg>
<msg timestamp="20231001 12:46:41.455" level="ERROR">Error in file 'c:\Users\lanao\Desktop\Desafio Teste Coco Bambu\Teste Automatizado - COCO BAMBU\tests\LoginCocoBambu_Test.robot' on line 7: Setting 'Test Setup' is not allowed in resource file.</msg>
<msg timestamp="20231001 12:46:41.457" level="ERROR">Error in file 'c:\Users\lanao\Desktop\Desafio Teste Coco Bambu\Teste Automatizado - COCO BAMBU\tests\LoginCocoBambu_Test.robot' on line 8: Setting 'Test Teardown' is not allowed in resource file.</msg>
<msg timestamp="20231001 12:46:41.457" level="ERROR">Error in file 'c:\Users\lanao\Desktop\Desafio Teste Coco Bambu\Teste Automatizado - COCO BAMBU\resources\LoginCocoBambu_PO.robot' on line 2: Error in file 'c:\Users\lanao\Desktop\Desafio Teste Coco Bambu\Teste Automatizado - COCO BAMBU\tests\LoginCocoBambu_Test.robot' on line 13: Resource file with 'Test Cases' section is invalid.</msg>
<msg timestamp="20231001 12:47:41.236" level="ERROR">Error in file 'c:\Users\lanao\Desktop\Desafio Teste Coco Bambu\Teste Automatizado - COCO BAMBU\tests\RecuperarSenhaCocoBambu_Test.robot' on line 7: Setting 'Test Setup' is not allowed in resource file.</msg>
<msg timestamp="20231001 12:47:41.237" level="ERROR">Error in file 'c:\Users\lanao\Desktop\Desafio Teste Coco Bambu\Teste Automatizado - COCO BAMBU\tests\RecuperarSenhaCocoBambu_Test.robot' on line 8: Setting 'Test Teardown' is not allowed in resource file.</msg>
<msg timestamp="20231001 12:47:41.239" level="ERROR">Error in file 'c:\Users\lanao\Desktop\Desafio Teste Coco Bambu\Teste Automatizado - COCO BAMBU\resources\RecuperarSenhaCocoBambu_PO.robot' on line 2: Error in file 'c:\Users\lanao\Desktop\Desafio Teste Coco Bambu\Teste Automatizado - COCO BAMBU\tests\RecuperarSenhaCocoBambu_Test.robot' on line 15: Resource file with 'Test Cases' section is invalid.</msg>
</errors>
</robot>
